{"C:\\Users\\A S U S\\Documents\\GitHub\\Web-Individual\\Backend\\server.js": {"path":"C:\\Users\\A S U S\\Documents\\GitHub\\Web-Individual\\Backend\\server.js","statementMap":{"0":{"start":{"line":4,"column":11},"end":{"line":4,"column":24}},"1":{"start":{"line":5,"column":13},"end":{"line":5,"column":28}},"2":{"start":{"line":8,"column":16},"end":{"line":8,"column":44}},"3":{"start":{"line":9,"column":0},"end":{"line":9,"column":72}},"4":{"start":{"line":9,"column":29},"end":{"line":9,"column":72}},"5":{"start":{"line":13,"column":0},"end":{"line":18,"column":1}},"6":{"start":{"line":14,"column":2},"end":{"line":14,"column":36}},"7":{"start":{"line":16,"column":2},"end":{"line":16,"column":78}},"8":{"start":{"line":17,"column":2},"end":{"line":17,"column":18}},"9":{"start":{"line":20,"column":15},"end":{"line":20,"column":49}},"10":{"start":{"line":21,"column":29},"end":{"line":21,"column":63}},"11":{"start":{"line":24,"column":16},"end":{"line":24,"column":34}},"12":{"start":{"line":25,"column":13},"end":{"line":25,"column":28}},"13":{"start":{"line":26,"column":15},"end":{"line":26,"column":32}},"14":{"start":{"line":28,"column":27},"end":{"line":28,"column":75}},"15":{"start":{"line":29,"column":21},"end":{"line":29,"column":72}},"16":{"start":{"line":30,"column":18},"end":{"line":30,"column":47}},"17":{"start":{"line":32,"column":12},"end":{"line":32,"column":21}},"18":{"start":{"line":35,"column":0},"end":{"line":39,"column":2}},"19":{"start":{"line":42,"column":0},"end":{"line":49,"column":2}},"20":{"start":{"line":52,"column":0},"end":{"line":52,"column":26}},"21":{"start":{"line":55,"column":0},"end":{"line":55,"column":40}},"22":{"start":{"line":56,"column":0},"end":{"line":56,"column":62}},"23":{"start":{"line":59,"column":19},"end":{"line":59,"column":50}},"24":{"start":{"line":60,"column":0},"end":{"line":60,"column":78}},"25":{"start":{"line":60,"column":32},"end":{"line":60,"column":78}},"26":{"start":{"line":61,"column":0},"end":{"line":61,"column":48}},"27":{"start":{"line":68,"column":0},"end":{"line":68,"column":27}},"28":{"start":{"line":71,"column":0},"end":{"line":78,"column":3}},"29":{"start":{"line":72,"column":2},"end":{"line":77,"column":5}},"30":{"start":{"line":81,"column":0},"end":{"line":85,"column":3}},"31":{"start":{"line":82,"column":2},"end":{"line":84,"column":77}},"32":{"start":{"line":88,"column":0},"end":{"line":88,"column":22}},"33":{"start":{"line":91,"column":11},"end":{"line":91,"column":37}},"34":{"start":{"line":93,"column":26},"end":{"line":757,"column":1}},"35":{"start":{"line":95,"column":2},"end":{"line":105,"column":5}},"36":{"start":{"line":107,"column":2},"end":{"line":121,"column":5}},"37":{"start":{"line":123,"column":2},"end":{"line":132,"column":5}},"38":{"start":{"line":135,"column":2},"end":{"line":145,"column":5}},"39":{"start":{"line":148,"column":2},"end":{"line":150,"column":21}},"40":{"start":{"line":151,"column":2},"end":{"line":155,"column":21}},"41":{"start":{"line":156,"column":2},"end":{"line":158,"column":21}},"42":{"start":{"line":159,"column":2},"end":{"line":163,"column":21}},"43":{"start":{"line":164,"column":2},"end":{"line":166,"column":21}},"44":{"start":{"line":167,"column":2},"end":{"line":171,"column":21}},"45":{"start":{"line":173,"column":2},"end":{"line":175,"column":21}},"46":{"start":{"line":176,"column":2},"end":{"line":178,"column":21}},"47":{"start":{"line":179,"column":2},"end":{"line":181,"column":21}},"48":{"start":{"line":182,"column":2},"end":{"line":184,"column":21}},"49":{"start":{"line":185,"column":2},"end":{"line":187,"column":21}},"50":{"start":{"line":188,"column":2},"end":{"line":190,"column":21}},"51":{"start":{"line":191,"column":2},"end":{"line":193,"column":21}},"52":{"start":{"line":194,"column":2},"end":{"line":198,"column":21}},"53":{"start":{"line":199,"column":2},"end":{"line":203,"column":21}},"54":{"start":{"line":204,"column":2},"end":{"line":206,"column":21}},"55":{"start":{"line":207,"column":2},"end":{"line":211,"column":21}},"56":{"start":{"line":212,"column":2},"end":{"line":216,"column":21}},"57":{"start":{"line":217,"column":2},"end":{"line":219,"column":21}},"58":{"start":{"line":221,"column":2},"end":{"line":236,"column":5}},"59":{"start":{"line":238,"column":2},"end":{"line":247,"column":5}},"60":{"start":{"line":249,"column":2},"end":{"line":264,"column":5}},"61":{"start":{"line":266,"column":2},"end":{"line":276,"column":5}},"62":{"start":{"line":278,"column":2},"end":{"line":294,"column":5}},"63":{"start":{"line":296,"column":2},"end":{"line":314,"column":5}},"64":{"start":{"line":316,"column":2},"end":{"line":327,"column":5}},"65":{"start":{"line":329,"column":2},"end":{"line":344,"column":5}},"66":{"start":{"line":346,"column":2},"end":{"line":352,"column":21}},"67":{"start":{"line":353,"column":2},"end":{"line":359,"column":21}},"68":{"start":{"line":360,"column":2},"end":{"line":366,"column":21}},"69":{"start":{"line":367,"column":2},"end":{"line":373,"column":21}},"70":{"start":{"line":374,"column":2},"end":{"line":380,"column":21}},"71":{"start":{"line":381,"column":2},"end":{"line":387,"column":21}},"72":{"start":{"line":388,"column":2},"end":{"line":394,"column":21}},"73":{"start":{"line":395,"column":2},"end":{"line":401,"column":21}},"74":{"start":{"line":403,"column":2},"end":{"line":410,"column":5}},"75":{"start":{"line":412,"column":2},"end":{"line":424,"column":5}},"76":{"start":{"line":426,"column":2},"end":{"line":438,"column":5}},"77":{"start":{"line":440,"column":2},"end":{"line":454,"column":5}},"78":{"start":{"line":456,"column":2},"end":{"line":471,"column":5}},"79":{"start":{"line":473,"column":2},"end":{"line":486,"column":5}},"80":{"start":{"line":488,"column":2},"end":{"line":500,"column":5}},"81":{"start":{"line":502,"column":2},"end":{"line":512,"column":5}},"82":{"start":{"line":514,"column":2},"end":{"line":525,"column":5}},"83":{"start":{"line":527,"column":2},"end":{"line":529,"column":21}},"84":{"start":{"line":530,"column":2},"end":{"line":534,"column":21}},"85":{"start":{"line":535,"column":2},"end":{"line":539,"column":21}},"86":{"start":{"line":541,"column":2},"end":{"line":545,"column":21}},"87":{"start":{"line":547,"column":2},"end":{"line":551,"column":21}},"88":{"start":{"line":553,"column":2},"end":{"line":570,"column":5}},"89":{"start":{"line":572,"column":2},"end":{"line":574,"column":21}},"90":{"start":{"line":575,"column":2},"end":{"line":579,"column":21}},"91":{"start":{"line":581,"column":2},"end":{"line":583,"column":21}},"92":{"start":{"line":584,"column":2},"end":{"line":586,"column":21}},"93":{"start":{"line":587,"column":2},"end":{"line":591,"column":21}},"94":{"start":{"line":592,"column":2},"end":{"line":596,"column":21}},"95":{"start":{"line":597,"column":2},"end":{"line":601,"column":21}},"96":{"start":{"line":602,"column":2},"end":{"line":606,"column":21}},"97":{"start":{"line":609,"column":2},"end":{"line":615,"column":21}},"98":{"start":{"line":617,"column":2},"end":{"line":623,"column":21}},"99":{"start":{"line":625,"column":2},"end":{"line":631,"column":21}},"100":{"start":{"line":634,"column":19},"end":{"line":634,"column":64}},"101":{"start":{"line":635,"column":2},"end":{"line":660,"column":3}},"102":{"start":{"line":636,"column":4},"end":{"line":658,"column":7}},"103":{"start":{"line":659,"column":4},"end":{"line":659,"column":46}},"104":{"start":{"line":662,"column":33},"end":{"line":664,"column":3}},"105":{"start":{"line":665,"column":2},"end":{"line":675,"column":3}},"106":{"start":{"line":666,"column":4},"end":{"line":674,"column":7}},"107":{"start":{"line":677,"column":27},"end":{"line":677,"column":59}},"108":{"start":{"line":678,"column":27},"end":{"line":678,"column":58}},"109":{"start":{"line":679,"column":2},"end":{"line":689,"column":21}},"110":{"start":{"line":691,"column":2},"end":{"line":701,"column":21}},"111":{"start":{"line":703,"column":2},"end":{"line":713,"column":21}},"112":{"start":{"line":715,"column":2},"end":{"line":729,"column":21}},"113":{"start":{"line":731,"column":2},"end":{"line":741,"column":21}},"114":{"start":{"line":743,"column":2},"end":{"line":754,"column":21}},"115":{"start":{"line":756,"column":2},"end":{"line":756,"column":50}},"116":{"start":{"line":760,"column":17},"end":{"line":768,"column":1}},"117":{"start":{"line":761,"column":2},"end":{"line":761,"column":71}},"118":{"start":{"line":762,"column":2},"end":{"line":766,"column":3}},"119":{"start":{"line":763,"column":4},"end":{"line":763,"column":19}},"120":{"start":{"line":767,"column":2},"end":{"line":767,"column":18}},"121":{"start":{"line":769,"column":0},"end":{"line":769,"column":49}},"122":{"start":{"line":769,"column":28},"end":{"line":769,"column":47}},"123":{"start":{"line":770,"column":0},"end":{"line":770,"column":47}},"124":{"start":{"line":770,"column":27},"end":{"line":770,"column":45}},"125":{"start":{"line":772,"column":0},"end":{"line":776,"column":3}},"126":{"start":{"line":773,"column":2},"end":{"line":775,"column":5}},"127":{"start":{"line":778,"column":0},"end":{"line":784,"column":3}},"128":{"start":{"line":779,"column":2},"end":{"line":782,"column":5}},"129":{"start":{"line":783,"column":2},"end":{"line":783,"column":18}},"130":{"start":{"line":787,"column":20},"end":{"line":803,"column":1}},"131":{"start":{"line":788,"column":2},"end":{"line":802,"column":3}},"132":{"start":{"line":789,"column":4},"end":{"line":789,"column":31}},"133":{"start":{"line":790,"column":4},"end":{"line":790,"column":30}},"134":{"start":{"line":792,"column":17},"end":{"line":792,"column":33}},"135":{"start":{"line":793,"column":4},"end":{"line":798,"column":7}},"136":{"start":{"line":794,"column":6},"end":{"line":796,"column":8}},"137":{"start":{"line":797,"column":6},"end":{"line":797,"column":59}},"138":{"start":{"line":800,"column":4},"end":{"line":800,"column":71}},"139":{"start":{"line":801,"column":4},"end":{"line":801,"column":20}},"140":{"start":{"line":805,"column":0},"end":{"line":807,"column":1}},"141":{"start":{"line":806,"column":2},"end":{"line":806,"column":16}},"142":{"start":{"line":809,"column":0},"end":{"line":809,"column":21}}},"fnMap":{"0":{"name":"(anonymous_0)","decl":{"start":{"line":71,"column":13},"end":{"line":71,"column":14}},"loc":{"start":{"line":71,"column":28},"end":{"line":78,"column":1}},"line":71},"1":{"name":"(anonymous_1)","decl":{"start":{"line":81,"column":8},"end":{"line":81,"column":9}},"loc":{"start":{"line":81,"column":23},"end":{"line":85,"column":1}},"line":81},"2":{"name":"(anonymous_2)","decl":{"start":{"line":93,"column":26},"end":{"line":93,"column":27}},"loc":{"start":{"line":93,"column":38},"end":{"line":757,"column":1}},"line":93},"3":{"name":"(anonymous_3)","decl":{"start":{"line":150,"column":11},"end":{"line":150,"column":12}},"loc":{"start":{"line":150,"column":17},"end":{"line":150,"column":19}},"line":150},"4":{"name":"(anonymous_4)","decl":{"start":{"line":155,"column":11},"end":{"line":155,"column":12}},"loc":{"start":{"line":155,"column":17},"end":{"line":155,"column":19}},"line":155},"5":{"name":"(anonymous_5)","decl":{"start":{"line":158,"column":11},"end":{"line":158,"column":12}},"loc":{"start":{"line":158,"column":17},"end":{"line":158,"column":19}},"line":158},"6":{"name":"(anonymous_6)","decl":{"start":{"line":163,"column":11},"end":{"line":163,"column":12}},"loc":{"start":{"line":163,"column":17},"end":{"line":163,"column":19}},"line":163},"7":{"name":"(anonymous_7)","decl":{"start":{"line":166,"column":11},"end":{"line":166,"column":12}},"loc":{"start":{"line":166,"column":17},"end":{"line":166,"column":19}},"line":166},"8":{"name":"(anonymous_8)","decl":{"start":{"line":171,"column":11},"end":{"line":171,"column":12}},"loc":{"start":{"line":171,"column":17},"end":{"line":171,"column":19}},"line":171},"9":{"name":"(anonymous_9)","decl":{"start":{"line":175,"column":11},"end":{"line":175,"column":12}},"loc":{"start":{"line":175,"column":17},"end":{"line":175,"column":19}},"line":175},"10":{"name":"(anonymous_10)","decl":{"start":{"line":178,"column":11},"end":{"line":178,"column":12}},"loc":{"start":{"line":178,"column":17},"end":{"line":178,"column":19}},"line":178},"11":{"name":"(anonymous_11)","decl":{"start":{"line":181,"column":11},"end":{"line":181,"column":12}},"loc":{"start":{"line":181,"column":17},"end":{"line":181,"column":19}},"line":181},"12":{"name":"(anonymous_12)","decl":{"start":{"line":184,"column":11},"end":{"line":184,"column":12}},"loc":{"start":{"line":184,"column":17},"end":{"line":184,"column":19}},"line":184},"13":{"name":"(anonymous_13)","decl":{"start":{"line":187,"column":11},"end":{"line":187,"column":12}},"loc":{"start":{"line":187,"column":17},"end":{"line":187,"column":19}},"line":187},"14":{"name":"(anonymous_14)","decl":{"start":{"line":190,"column":11},"end":{"line":190,"column":12}},"loc":{"start":{"line":190,"column":17},"end":{"line":190,"column":19}},"line":190},"15":{"name":"(anonymous_15)","decl":{"start":{"line":193,"column":11},"end":{"line":193,"column":12}},"loc":{"start":{"line":193,"column":17},"end":{"line":193,"column":19}},"line":193},"16":{"name":"(anonymous_16)","decl":{"start":{"line":198,"column":11},"end":{"line":198,"column":12}},"loc":{"start":{"line":198,"column":17},"end":{"line":198,"column":19}},"line":198},"17":{"name":"(anonymous_17)","decl":{"start":{"line":203,"column":11},"end":{"line":203,"column":12}},"loc":{"start":{"line":203,"column":17},"end":{"line":203,"column":19}},"line":203},"18":{"name":"(anonymous_18)","decl":{"start":{"line":206,"column":11},"end":{"line":206,"column":12}},"loc":{"start":{"line":206,"column":17},"end":{"line":206,"column":19}},"line":206},"19":{"name":"(anonymous_19)","decl":{"start":{"line":211,"column":11},"end":{"line":211,"column":12}},"loc":{"start":{"line":211,"column":17},"end":{"line":211,"column":19}},"line":211},"20":{"name":"(anonymous_20)","decl":{"start":{"line":216,"column":11},"end":{"line":216,"column":12}},"loc":{"start":{"line":216,"column":17},"end":{"line":216,"column":19}},"line":216},"21":{"name":"(anonymous_21)","decl":{"start":{"line":219,"column":11},"end":{"line":219,"column":12}},"loc":{"start":{"line":219,"column":17},"end":{"line":219,"column":19}},"line":219},"22":{"name":"(anonymous_22)","decl":{"start":{"line":352,"column":11},"end":{"line":352,"column":12}},"loc":{"start":{"line":352,"column":17},"end":{"line":352,"column":19}},"line":352},"23":{"name":"(anonymous_23)","decl":{"start":{"line":359,"column":11},"end":{"line":359,"column":12}},"loc":{"start":{"line":359,"column":17},"end":{"line":359,"column":19}},"line":359},"24":{"name":"(anonymous_24)","decl":{"start":{"line":366,"column":11},"end":{"line":366,"column":12}},"loc":{"start":{"line":366,"column":17},"end":{"line":366,"column":19}},"line":366},"25":{"name":"(anonymous_25)","decl":{"start":{"line":373,"column":11},"end":{"line":373,"column":12}},"loc":{"start":{"line":373,"column":17},"end":{"line":373,"column":19}},"line":373},"26":{"name":"(anonymous_26)","decl":{"start":{"line":380,"column":11},"end":{"line":380,"column":12}},"loc":{"start":{"line":380,"column":17},"end":{"line":380,"column":19}},"line":380},"27":{"name":"(anonymous_27)","decl":{"start":{"line":387,"column":11},"end":{"line":387,"column":12}},"loc":{"start":{"line":387,"column":17},"end":{"line":387,"column":19}},"line":387},"28":{"name":"(anonymous_28)","decl":{"start":{"line":394,"column":11},"end":{"line":394,"column":12}},"loc":{"start":{"line":394,"column":17},"end":{"line":394,"column":19}},"line":394},"29":{"name":"(anonymous_29)","decl":{"start":{"line":401,"column":11},"end":{"line":401,"column":12}},"loc":{"start":{"line":401,"column":17},"end":{"line":401,"column":19}},"line":401},"30":{"name":"(anonymous_30)","decl":{"start":{"line":529,"column":11},"end":{"line":529,"column":12}},"loc":{"start":{"line":529,"column":17},"end":{"line":529,"column":19}},"line":529},"31":{"name":"(anonymous_31)","decl":{"start":{"line":534,"column":11},"end":{"line":534,"column":12}},"loc":{"start":{"line":534,"column":17},"end":{"line":534,"column":19}},"line":534},"32":{"name":"(anonymous_32)","decl":{"start":{"line":539,"column":11},"end":{"line":539,"column":12}},"loc":{"start":{"line":539,"column":17},"end":{"line":539,"column":19}},"line":539},"33":{"name":"(anonymous_33)","decl":{"start":{"line":545,"column":11},"end":{"line":545,"column":12}},"loc":{"start":{"line":545,"column":17},"end":{"line":545,"column":19}},"line":545},"34":{"name":"(anonymous_34)","decl":{"start":{"line":551,"column":11},"end":{"line":551,"column":12}},"loc":{"start":{"line":551,"column":17},"end":{"line":551,"column":19}},"line":551},"35":{"name":"(anonymous_35)","decl":{"start":{"line":574,"column":11},"end":{"line":574,"column":12}},"loc":{"start":{"line":574,"column":17},"end":{"line":574,"column":19}},"line":574},"36":{"name":"(anonymous_36)","decl":{"start":{"line":579,"column":11},"end":{"line":579,"column":12}},"loc":{"start":{"line":579,"column":17},"end":{"line":579,"column":19}},"line":579},"37":{"name":"(anonymous_37)","decl":{"start":{"line":583,"column":11},"end":{"line":583,"column":12}},"loc":{"start":{"line":583,"column":17},"end":{"line":583,"column":19}},"line":583},"38":{"name":"(anonymous_38)","decl":{"start":{"line":586,"column":11},"end":{"line":586,"column":12}},"loc":{"start":{"line":586,"column":17},"end":{"line":586,"column":19}},"line":586},"39":{"name":"(anonymous_39)","decl":{"start":{"line":591,"column":11},"end":{"line":591,"column":12}},"loc":{"start":{"line":591,"column":17},"end":{"line":591,"column":19}},"line":591},"40":{"name":"(anonymous_40)","decl":{"start":{"line":596,"column":11},"end":{"line":596,"column":12}},"loc":{"start":{"line":596,"column":17},"end":{"line":596,"column":19}},"line":596},"41":{"name":"(anonymous_41)","decl":{"start":{"line":601,"column":11},"end":{"line":601,"column":12}},"loc":{"start":{"line":601,"column":17},"end":{"line":601,"column":19}},"line":601},"42":{"name":"(anonymous_42)","decl":{"start":{"line":606,"column":11},"end":{"line":606,"column":12}},"loc":{"start":{"line":606,"column":17},"end":{"line":606,"column":19}},"line":606},"43":{"name":"(anonymous_43)","decl":{"start":{"line":615,"column":11},"end":{"line":615,"column":12}},"loc":{"start":{"line":615,"column":17},"end":{"line":615,"column":19}},"line":615},"44":{"name":"(anonymous_44)","decl":{"start":{"line":623,"column":11},"end":{"line":623,"column":12}},"loc":{"start":{"line":623,"column":17},"end":{"line":623,"column":19}},"line":623},"45":{"name":"(anonymous_45)","decl":{"start":{"line":631,"column":11},"end":{"line":631,"column":12}},"loc":{"start":{"line":631,"column":17},"end":{"line":631,"column":19}},"line":631},"46":{"name":"(anonymous_46)","decl":{"start":{"line":689,"column":11},"end":{"line":689,"column":12}},"loc":{"start":{"line":689,"column":17},"end":{"line":689,"column":19}},"line":689},"47":{"name":"(anonymous_47)","decl":{"start":{"line":701,"column":11},"end":{"line":701,"column":12}},"loc":{"start":{"line":701,"column":17},"end":{"line":701,"column":19}},"line":701},"48":{"name":"(anonymous_48)","decl":{"start":{"line":713,"column":11},"end":{"line":713,"column":12}},"loc":{"start":{"line":713,"column":17},"end":{"line":713,"column":19}},"line":713},"49":{"name":"(anonymous_49)","decl":{"start":{"line":729,"column":11},"end":{"line":729,"column":12}},"loc":{"start":{"line":729,"column":17},"end":{"line":729,"column":19}},"line":729},"50":{"name":"(anonymous_50)","decl":{"start":{"line":741,"column":11},"end":{"line":741,"column":12}},"loc":{"start":{"line":741,"column":17},"end":{"line":741,"column":19}},"line":741},"51":{"name":"(anonymous_51)","decl":{"start":{"line":754,"column":11},"end":{"line":754,"column":12}},"loc":{"start":{"line":754,"column":17},"end":{"line":754,"column":19}},"line":754},"52":{"name":"(anonymous_52)","decl":{"start":{"line":760,"column":17},"end":{"line":760,"column":18}},"loc":{"start":{"line":760,"column":35},"end":{"line":768,"column":1}},"line":760},"53":{"name":"(anonymous_53)","decl":{"start":{"line":769,"column":22},"end":{"line":769,"column":23}},"loc":{"start":{"line":769,"column":28},"end":{"line":769,"column":47}},"line":769},"54":{"name":"(anonymous_54)","decl":{"start":{"line":770,"column":21},"end":{"line":770,"column":22}},"loc":{"start":{"line":770,"column":27},"end":{"line":770,"column":45}},"line":770},"55":{"name":"(anonymous_55)","decl":{"start":{"line":772,"column":33},"end":{"line":772,"column":34}},"loc":{"start":{"line":772,"column":45},"end":{"line":776,"column":1}},"line":772},"56":{"name":"(anonymous_56)","decl":{"start":{"line":778,"column":32},"end":{"line":778,"column":33}},"loc":{"start":{"line":778,"column":41},"end":{"line":784,"column":1}},"line":778},"57":{"name":"(anonymous_57)","decl":{"start":{"line":787,"column":20},"end":{"line":787,"column":21}},"loc":{"start":{"line":787,"column":32},"end":{"line":803,"column":1}},"line":787},"58":{"name":"(anonymous_58)","decl":{"start":{"line":793,"column":21},"end":{"line":793,"column":22}},"loc":{"start":{"line":793,"column":27},"end":{"line":798,"column":5}},"line":793}},"branchMap":{"0":{"loc":{"start":{"line":9,"column":0},"end":{"line":9,"column":72}},"type":"if","locations":[{"start":{"line":9,"column":0},"end":{"line":9,"column":72}},{"start":{},"end":{}}],"line":9},"1":{"loc":{"start":{"line":60,"column":0},"end":{"line":60,"column":78}},"type":"if","locations":[{"start":{"line":60,"column":0},"end":{"line":60,"column":78}},{"start":{},"end":{}}],"line":60},"2":{"loc":{"start":{"line":635,"column":2},"end":{"line":660,"column":3}},"type":"if","locations":[{"start":{"line":635,"column":2},"end":{"line":660,"column":3}},{"start":{},"end":{}}],"line":635},"3":{"loc":{"start":{"line":665,"column":2},"end":{"line":675,"column":3}},"type":"if","locations":[{"start":{"line":665,"column":2},"end":{"line":675,"column":3}},{"start":{},"end":{}}],"line":665},"4":{"loc":{"start":{"line":792,"column":17},"end":{"line":792,"column":33}},"type":"binary-expr","locations":[{"start":{"line":792,"column":17},"end":{"line":792,"column":25}},{"start":{"line":792,"column":29},"end":{"line":792,"column":33}}],"line":792},"5":{"loc":{"start":{"line":805,"column":0},"end":{"line":807,"column":1}},"type":"if","locations":[{"start":{"line":805,"column":0},"end":{"line":807,"column":1}},{"start":{},"end":{}}],"line":805}},"s":{"0":1,"1":1,"2":1,"3":1,"4":0,"5":1,"6":1,"7":0,"8":0,"9":1,"10":1,"11":1,"12":1,"13":1,"14":1,"15":1,"16":1,"17":1,"18":1,"19":1,"20":1,"21":1,"22":1,"23":1,"24":1,"25":0,"26":1,"27":1,"28":1,"29":0,"30":1,"31":0,"32":1,"33":1,"34":1,"35":0,"36":0,"37":0,"38":0,"39":0,"40":0,"41":0,"42":0,"43":0,"44":0,"45":0,"46":0,"47":0,"48":0,"49":0,"50":0,"51":0,"52":0,"53":0,"54":0,"55":0,"56":0,"57":0,"58":0,"59":0,"60":0,"61":0,"62":0,"63":0,"64":0,"65":0,"66":0,"67":0,"68":0,"69":0,"70":0,"71":0,"72":0,"73":0,"74":0,"75":0,"76":0,"77":0,"78":0,"79":0,"80":0,"81":0,"82":0,"83":0,"84":0,"85":0,"86":0,"87":0,"88":0,"89":0,"90":0,"91":0,"92":0,"93":0,"94":0,"95":0,"96":0,"97":0,"98":0,"99":0,"100":0,"101":0,"102":0,"103":0,"104":0,"105":0,"106":0,"107":0,"108":0,"109":0,"110":0,"111":0,"112":0,"113":0,"114":0,"115":0,"116":1,"117":0,"118":0,"119":0,"120":0,"121":1,"122":0,"123":1,"124":0,"125":1,"126":0,"127":1,"128":0,"129":0,"130":1,"131":0,"132":0,"133":0,"134":0,"135":0,"136":0,"137":0,"138":0,"139":0,"140":1,"141":0,"142":1},"f":{"0":0,"1":0,"2":0,"3":0,"4":0,"5":0,"6":0,"7":0,"8":0,"9":0,"10":0,"11":0,"12":0,"13":0,"14":0,"15":0,"16":0,"17":0,"18":0,"19":0,"20":0,"21":0,"22":0,"23":0,"24":0,"25":0,"26":0,"27":0,"28":0,"29":0,"30":0,"31":0,"32":0,"33":0,"34":0,"35":0,"36":0,"37":0,"38":0,"39":0,"40":0,"41":0,"42":0,"43":0,"44":0,"45":0,"46":0,"47":0,"48":0,"49":0,"50":0,"51":0,"52":0,"53":0,"54":0,"55":0,"56":0,"57":0,"58":0},"b":{"0":[0,1],"1":[0,1],"2":[0,0],"3":[0,0],"4":[0,0],"5":[0,1]},"_coverageSchema":"1a1c01bbd47fc00a2c39e90264f33305004495a9","hash":"db4b59aa5053874d0b9e06ff520ab8893b6ffdae"}
,"C:\\Users\\A S U S\\Documents\\GitHub\\Web-Individual\\Backend\\src\\config\\crudResources.js": {"path":"C:\\Users\\A S U S\\Documents\\GitHub\\Web-Individual\\Backend\\src\\config\\crudResources.js","statementMap":{"0":{"start":{"line":3,"column":14},"end":{"line":3,"column":43}},"1":{"start":{"line":5,"column":18},"end":{"line":149,"column":1}},"2":{"start":{"line":52,"column":33},"end":{"line":52,"column":54}},"3":{"start":{"line":62,"column":6},"end":{"line":62,"column":160}},"4":{"start":{"line":85,"column":6},"end":{"line":85,"column":160}},"5":{"start":{"line":106,"column":6},"end":{"line":106,"column":188}},"6":{"start":{"line":151,"column":20},"end":{"line":151,"column":53}},"7":{"start":{"line":151,"column":30},"end":{"line":151,"column":53}},"8":{"start":{"line":153,"column":0},"end":{"line":153,"column":44}}},"fnMap":{"0":{"name":"(anonymous_0)","decl":{"start":{"line":52,"column":24},"end":{"line":52,"column":25}},"loc":{"start":{"line":52,"column":33},"end":{"line":52,"column":54}},"line":52},"1":{"name":"(anonymous_1)","decl":{"start":{"line":61,"column":24},"end":{"line":61,"column":25}},"loc":{"start":{"line":62,"column":6},"end":{"line":62,"column":160}},"line":62},"2":{"name":"(anonymous_2)","decl":{"start":{"line":84,"column":24},"end":{"line":84,"column":25}},"loc":{"start":{"line":85,"column":6},"end":{"line":85,"column":160}},"line":85},"3":{"name":"(anonymous_3)","decl":{"start":{"line":105,"column":24},"end":{"line":105,"column":25}},"loc":{"start":{"line":106,"column":6},"end":{"line":106,"column":188}},"line":106},"4":{"name":"(anonymous_4)","decl":{"start":{"line":151,"column":20},"end":{"line":151,"column":21}},"loc":{"start":{"line":151,"column":30},"end":{"line":151,"column":53}},"line":151}},"branchMap":{"0":{"loc":{"start":{"line":151,"column":30},"end":{"line":151,"column":53}},"type":"binary-expr","locations":[{"start":{"line":151,"column":30},"end":{"line":151,"column":45}},{"start":{"line":151,"column":49},"end":{"line":151,"column":53}}],"line":151}},"s":{"0":1,"1":1,"2":0,"3":0,"4":0,"5":0,"6":1,"7":0,"8":1},"f":{"0":0,"1":0,"2":0,"3":0,"4":0},"b":{"0":[0,0]},"_coverageSchema":"1a1c01bbd47fc00a2c39e90264f33305004495a9","hash":"b93631357b1591ff35d3a839823efdc19dfccd49"}
,"C:\\Users\\A S U S\\Documents\\GitHub\\Web-Individual\\Backend\\src\\config\\env.js": {"path":"C:\\Users\\A S U S\\Documents\\GitHub\\Web-Individual\\Backend\\src\\config\\env.js","statementMap":{"0":{"start":{"line":8,"column":0},"end":{"line":8,"column":27}},"1":{"start":{"line":17,"column":17},"end":{"line":25,"column":1}},"2":{"start":{"line":18,"column":2},"end":{"line":23,"column":3}},"3":{"start":{"line":19,"column":4},"end":{"line":22,"column":6}},"4":{"start":{"line":24,"column":2},"end":{"line":24,"column":22}},"5":{"start":{"line":33,"column":17},"end":{"line":34,"column":60}},"6":{"start":{"line":34,"column":2},"end":{"line":34,"column":60}},"7":{"start":{"line":37,"column":23},"end":{"line":37,"column":49}},"8":{"start":{"line":38,"column":18},"end":{"line":38,"column":39}},"9":{"start":{"line":40,"column":0},"end":{"line":45,"column":1}},"10":{"start":{"line":41,"column":2},"end":{"line":44,"column":4}},"11":{"start":{"line":47,"column":0},"end":{"line":50,"column":1}},"12":{"start":{"line":48,"column":2},"end":{"line":48,"column":51}},"13":{"start":{"line":49,"column":2},"end":{"line":49,"column":43}},"14":{"start":{"line":52,"column":0},"end":{"line":52,"column":47}},"15":{"start":{"line":53,"column":0},"end":{"line":53,"column":63}},"16":{"start":{"line":61,"column":12},"end":{"line":92,"column":1}},"17":{"start":{"line":94,"column":0},"end":{"line":94,"column":21}}},"fnMap":{"0":{"name":"(anonymous_0)","decl":{"start":{"line":17,"column":17},"end":{"line":17,"column":18}},"loc":{"start":{"line":17,"column":34},"end":{"line":25,"column":1}},"line":17},"1":{"name":"(anonymous_1)","decl":{"start":{"line":33,"column":17},"end":{"line":33,"column":18}},"loc":{"start":{"line":34,"column":2},"end":{"line":34,"column":60}},"line":34}},"branchMap":{"0":{"loc":{"start":{"line":18,"column":2},"end":{"line":23,"column":3}},"type":"if","locations":[{"start":{"line":18,"column":2},"end":{"line":23,"column":3}},{"start":{},"end":{}}],"line":18},"1":{"loc":{"start":{"line":18,"column":6},"end":{"line":18,"column":35}},"type":"binary-expr","locations":[{"start":{"line":18,"column":6},"end":{"line":18,"column":12}},{"start":{"line":18,"column":16},"end":{"line":18,"column":35}}],"line":18},"2":{"loc":{"start":{"line":34,"column":2},"end":{"line":34,"column":60}},"type":"cond-expr","locations":[{"start":{"line":34,"column":33},"end":{"line":34,"column":45}},{"start":{"line":34,"column":48},"end":{"line":34,"column":60}}],"line":34},"3":{"loc":{"start":{"line":34,"column":2},"end":{"line":34,"column":30}},"type":"binary-expr","locations":[{"start":{"line":34,"column":2},"end":{"line":34,"column":7}},{"start":{"line":34,"column":11},"end":{"line":34,"column":30}}],"line":34},"4":{"loc":{"start":{"line":40,"column":0},"end":{"line":45,"column":1}},"type":"if","locations":[{"start":{"line":40,"column":0},"end":{"line":45,"column":1}},{"start":{},"end":{}}],"line":40},"5":{"loc":{"start":{"line":40,"column":4},"end":{"line":40,"column":33}},"type":"binary-expr","locations":[{"start":{"line":40,"column":4},"end":{"line":40,"column":19}},{"start":{"line":40,"column":23},"end":{"line":40,"column":33}}],"line":40},"6":{"loc":{"start":{"line":47,"column":0},"end":{"line":50,"column":1}},"type":"if","locations":[{"start":{"line":47,"column":0},"end":{"line":50,"column":1}},{"start":{},"end":{}}],"line":47},"7":{"loc":{"start":{"line":70,"column":16},"end":{"line":70,"column":48}},"type":"binary-expr","locations":[{"start":{"line":70,"column":16},"end":{"line":70,"column":40}},{"start":{"line":70,"column":44},"end":{"line":70,"column":48}}],"line":70},"8":{"loc":{"start":{"line":72,"column":11},"end":{"line":72,"column":38}},"type":"binary-expr","locations":[{"start":{"line":72,"column":11},"end":{"line":72,"column":30}},{"start":{"line":72,"column":34},"end":{"line":72,"column":38}}],"line":72},"9":{"loc":{"start":{"line":73,"column":15},"end":{"line":73,"column":46}},"type":"binary-expr","locations":[{"start":{"line":73,"column":15},"end":{"line":73,"column":38}},{"start":{"line":73,"column":42},"end":{"line":73,"column":46}}],"line":73},"10":{"loc":{"start":{"line":76,"column":11},"end":{"line":76,"column":38}},"type":"binary-expr","locations":[{"start":{"line":76,"column":11},"end":{"line":76,"column":30}},{"start":{"line":76,"column":34},"end":{"line":76,"column":38}}],"line":76}},"s":{"0":1,"1":1,"2":4,"3":0,"4":4,"5":1,"6":8,"7":1,"8":1,"9":1,"10":0,"11":1,"12":1,"13":1,"14":1,"15":1,"16":1,"17":1},"f":{"0":4,"1":8},"b":{"0":[0,4],"1":[4,4],"2":[8,0],"3":[8,8],"4":[0,1],"5":[1,1],"6":[1,0],"7":[1,1],"8":[1,0],"9":[1,0],"10":[1,0]},"_coverageSchema":"1a1c01bbd47fc00a2c39e90264f33305004495a9","hash":"131bb5a1a4a61181d5a2d99e44d4db591081b070"}
,"C:\\Users\\A S U S\\Documents\\GitHub\\Web-Individual\\Backend\\src\\constants\\errors.js": {"path":"C:\\Users\\A S U S\\Documents\\GitHub\\Web-Individual\\Backend\\src\\constants\\errors.js","statementMap":{"0":{"start":{"line":21,"column":15},"end":{"line":76,"column":2}},"1":{"start":{"line":78,"column":0},"end":{"line":78,"column":24}}},"fnMap":{},"branchMap":{},"s":{"0":1,"1":1},"f":{},"b":{},"_coverageSchema":"1a1c01bbd47fc00a2c39e90264f33305004495a9","hash":"5bb5ffb3eeb5176f3dcc15934d091e0c4d033781"}
,"C:\\Users\\A S U S\\Documents\\GitHub\\Web-Individual\\Backend\\src\\constants\\roles.js": {"path":"C:\\Users\\A S U S\\Documents\\GitHub\\Web-Individual\\Backend\\src\\constants\\roles.js","statementMap":{"0":{"start":{"line":13,"column":14},"end":{"line":22,"column":1}},"1":{"start":{"line":24,"column":0},"end":{"line":24,"column":23}}},"fnMap":{},"branchMap":{},"s":{"0":1,"1":1},"f":{},"b":{},"_coverageSchema":"1a1c01bbd47fc00a2c39e90264f33305004495a9","hash":"feecb0c69a3b53cb750df7a475895d5099867f17"}
,"C:\\Users\\A S U S\\Documents\\GitHub\\Web-Individual\\Backend\\src\\controllers\\auth.controller.js": {"path":"C:\\Users\\A S U S\\Documents\\GitHub\\Web-Individual\\Backend\\src\\controllers\\auth.controller.js","statementMap":{"0":{"start":{"line":3,"column":20},"end":{"line":3,"column":55}},"1":{"start":{"line":4,"column":17},"end":{"line":4,"column":50}},"2":{"start":{"line":6,"column":17},"end":{"line":16,"column":1}},"3":{"start":{"line":7,"column":2},"end":{"line":15,"column":3}},"4":{"start":{"line":8,"column":48},"end":{"line":11,"column":5}},"5":{"start":{"line":12,"column":4},"end":{"line":12,"column":102}},"6":{"start":{"line":14,"column":4},"end":{"line":14,"column":21}},"7":{"start":{"line":18,"column":14},"end":{"line":28,"column":1}},"8":{"start":{"line":19,"column":2},"end":{"line":27,"column":3}},"9":{"start":{"line":20,"column":48},"end":{"line":23,"column":5}},"10":{"start":{"line":24,"column":4},"end":{"line":24,"column":90}},"11":{"start":{"line":26,"column":4},"end":{"line":26,"column":21}},"12":{"start":{"line":30,"column":16},"end":{"line":38,"column":1}},"13":{"start":{"line":31,"column":2},"end":{"line":37,"column":3}},"14":{"start":{"line":32,"column":39},"end":{"line":32,"column":47}},"15":{"start":{"line":33,"column":19},"end":{"line":33,"column":62}},"16":{"start":{"line":34,"column":4},"end":{"line":34,"column":61}},"17":{"start":{"line":36,"column":4},"end":{"line":36,"column":21}},"18":{"start":{"line":40,"column":15},"end":{"line":48,"column":1}},"19":{"start":{"line":41,"column":2},"end":{"line":47,"column":3}},"20":{"start":{"line":42,"column":29},"end":{"line":42,"column":37}},"21":{"start":{"line":43,"column":4},"end":{"line":43,"column":43}},"22":{"start":{"line":44,"column":4},"end":{"line":44,"column":66}},"23":{"start":{"line":46,"column":4},"end":{"line":46,"column":21}},"24":{"start":{"line":50,"column":0},"end":{"line":50,"column":54}}},"fnMap":{"0":{"name":"(anonymous_0)","decl":{"start":{"line":6,"column":17},"end":{"line":6,"column":18}},"loc":{"start":{"line":6,"column":43},"end":{"line":16,"column":1}},"line":6},"1":{"name":"(anonymous_1)","decl":{"start":{"line":18,"column":14},"end":{"line":18,"column":15}},"loc":{"start":{"line":18,"column":40},"end":{"line":28,"column":1}},"line":18},"2":{"name":"(anonymous_2)","decl":{"start":{"line":30,"column":16},"end":{"line":30,"column":17}},"loc":{"start":{"line":30,"column":42},"end":{"line":38,"column":1}},"line":30},"3":{"name":"(anonymous_3)","decl":{"start":{"line":40,"column":15},"end":{"line":40,"column":16}},"loc":{"start":{"line":40,"column":41},"end":{"line":48,"column":1}},"line":40}},"branchMap":{},"s":{"0":1,"1":1,"2":1,"3":2,"4":2,"5":1,"6":1,"7":1,"8":3,"9":3,"10":1,"11":2,"12":1,"13":0,"14":0,"15":0,"16":0,"17":0,"18":1,"19":0,"20":0,"21":0,"22":0,"23":0,"24":1},"f":{"0":2,"1":3,"2":0,"3":0},"b":{},"_coverageSchema":"1a1c01bbd47fc00a2c39e90264f33305004495a9","hash":"82d1ebe5334a6dff87b042f607737f2611466a35"}
,"C:\\Users\\A S U S\\Documents\\GitHub\\Web-Individual\\Backend\\src\\controllers\\crud.controller.js": {"path":"C:\\Users\\A S U S\\Documents\\GitHub\\Web-Individual\\Backend\\src\\controllers\\crud.controller.js","statementMap":{"0":{"start":{"line":3,"column":16},"end":{"line":3,"column":51}},"1":{"start":{"line":4,"column":17},"end":{"line":4,"column":50}},"2":{"start":{"line":6,"column":24},"end":{"line":6,"column":72}},"3":{"start":{"line":6,"column":33},"end":{"line":6,"column":72}},"4":{"start":{"line":8,"column":13},"end":{"line":13,"column":1}},"5":{"start":{"line":9,"column":2},"end":{"line":12,"column":37}},"6":{"start":{"line":10,"column":19},"end":{"line":10,"column":80}},"7":{"start":{"line":11,"column":4},"end":{"line":11,"column":98}},"8":{"start":{"line":12,"column":18},"end":{"line":12,"column":35}},"9":{"start":{"line":15,"column":12},"end":{"line":20,"column":1}},"10":{"start":{"line":16,"column":2},"end":{"line":19,"column":37}},"11":{"start":{"line":17,"column":16},"end":{"line":17,"column":80}},"12":{"start":{"line":18,"column":4},"end":{"line":18,"column":48}},"13":{"start":{"line":19,"column":18},"end":{"line":19,"column":35}},"14":{"start":{"line":22,"column":15},"end":{"line":27,"column":1}},"15":{"start":{"line":23,"column":2},"end":{"line":26,"column":37}},"16":{"start":{"line":24,"column":16},"end":{"line":24,"column":83}},"17":{"start":{"line":25,"column":4},"end":{"line":25,"column":72}},"18":{"start":{"line":26,"column":18},"end":{"line":26,"column":35}},"19":{"start":{"line":29,"column":15},"end":{"line":34,"column":1}},"20":{"start":{"line":30,"column":2},"end":{"line":33,"column":37}},"21":{"start":{"line":31,"column":16},"end":{"line":31,"column":98}},"22":{"start":{"line":32,"column":4},"end":{"line":32,"column":72}},"23":{"start":{"line":33,"column":18},"end":{"line":33,"column":35}},"24":{"start":{"line":36,"column":15},"end":{"line":41,"column":1}},"25":{"start":{"line":37,"column":2},"end":{"line":40,"column":37}},"26":{"start":{"line":38,"column":16},"end":{"line":38,"column":88}},"27":{"start":{"line":39,"column":4},"end":{"line":39,"column":72}},"28":{"start":{"line":40,"column":18},"end":{"line":40,"column":35}},"29":{"start":{"line":43,"column":0},"end":{"line":43,"column":55}}},"fnMap":{"0":{"name":"(anonymous_0)","decl":{"start":{"line":6,"column":24},"end":{"line":6,"column":25}},"loc":{"start":{"line":6,"column":33},"end":{"line":6,"column":72}},"line":6},"1":{"name":"(anonymous_1)","decl":{"start":{"line":8,"column":13},"end":{"line":8,"column":14}},"loc":{"start":{"line":8,"column":39},"end":{"line":13,"column":1}},"line":8},"2":{"name":"(anonymous_2)","decl":{"start":{"line":15,"column":12},"end":{"line":15,"column":13}},"loc":{"start":{"line":15,"column":38},"end":{"line":20,"column":1}},"line":15},"3":{"name":"(anonymous_3)","decl":{"start":{"line":22,"column":15},"end":{"line":22,"column":16}},"loc":{"start":{"line":22,"column":41},"end":{"line":27,"column":1}},"line":22},"4":{"name":"(anonymous_4)","decl":{"start":{"line":29,"column":15},"end":{"line":29,"column":16}},"loc":{"start":{"line":29,"column":41},"end":{"line":34,"column":1}},"line":29},"5":{"name":"(anonymous_5)","decl":{"start":{"line":36,"column":15},"end":{"line":36,"column":16}},"loc":{"start":{"line":36,"column":41},"end":{"line":41,"column":1}},"line":36}},"branchMap":{"0":{"loc":{"start":{"line":6,"column":33},"end":{"line":6,"column":72}},"type":"binary-expr","locations":[{"start":{"line":6,"column":33},"end":{"line":6,"column":49}},{"start":{"line":6,"column":53},"end":{"line":6,"column":72}}],"line":6}},"s":{"0":1,"1":1,"2":1,"3":0,"4":1,"5":0,"6":0,"7":0,"8":0,"9":1,"10":0,"11":0,"12":0,"13":0,"14":1,"15":0,"16":0,"17":0,"18":0,"19":1,"20":0,"21":0,"22":0,"23":0,"24":1,"25":0,"26":0,"27":0,"28":0,"29":1},"f":{"0":0,"1":0,"2":0,"3":0,"4":0,"5":0},"b":{"0":[0,0]},"_coverageSchema":"1a1c01bbd47fc00a2c39e90264f33305004495a9","hash":"c931846ab74fb85140e4756ca8f34f0935805f29"}
,"C:\\Users\\A S U S\\Documents\\GitHub\\Web-Individual\\Backend\\src\\controllers\\dashboard.controller.js": {"path":"C:\\Users\\A S U S\\Documents\\GitHub\\Web-Individual\\Backend\\src\\controllers\\dashboard.controller.js","statementMap":{"0":{"start":{"line":3,"column":13},"end":{"line":3,"column":60}},"1":{"start":{"line":4,"column":17},"end":{"line":4,"column":50}},"2":{"start":{"line":6,"column":14},"end":{"line":9,"column":1}},"3":{"start":{"line":7,"column":2},"end":{"line":8,"column":35}},"4":{"start":{"line":7,"column":8},"end":{"line":7,"column":92}},"5":{"start":{"line":8,"column":16},"end":{"line":8,"column":33}},"6":{"start":{"line":11,"column":18},"end":{"line":14,"column":1}},"7":{"start":{"line":12,"column":2},"end":{"line":13,"column":35}},"8":{"start":{"line":12,"column":8},"end":{"line":12,"column":111}},"9":{"start":{"line":13,"column":16},"end":{"line":13,"column":33}},"10":{"start":{"line":16,"column":13},"end":{"line":19,"column":1}},"11":{"start":{"line":17,"column":2},"end":{"line":18,"column":35}},"12":{"start":{"line":17,"column":8},"end":{"line":17,"column":101}},"13":{"start":{"line":18,"column":16},"end":{"line":18,"column":33}},"14":{"start":{"line":21,"column":0},"end":{"line":21,"column":44}}},"fnMap":{"0":{"name":"(anonymous_0)","decl":{"start":{"line":6,"column":14},"end":{"line":6,"column":15}},"loc":{"start":{"line":6,"column":41},"end":{"line":9,"column":1}},"line":6},"1":{"name":"(anonymous_1)","decl":{"start":{"line":11,"column":18},"end":{"line":11,"column":19}},"loc":{"start":{"line":11,"column":44},"end":{"line":14,"column":1}},"line":11},"2":{"name":"(anonymous_2)","decl":{"start":{"line":16,"column":13},"end":{"line":16,"column":14}},"loc":{"start":{"line":16,"column":39},"end":{"line":19,"column":1}},"line":16}},"branchMap":{},"s":{"0":1,"1":1,"2":1,"3":0,"4":0,"5":0,"6":1,"7":0,"8":0,"9":0,"10":1,"11":0,"12":0,"13":0,"14":1},"f":{"0":0,"1":0,"2":0},"b":{},"_coverageSchema":"1a1c01bbd47fc00a2c39e90264f33305004495a9","hash":"aa3fa438878c5ba9f65bc438dcea12658607d1bd"}
,"C:\\Users\\A S U S\\Documents\\GitHub\\Web-Individual\\Backend\\src\\controllers\\event.controller.js": {"path":"C:\\Users\\A S U S\\Documents\\GitHub\\Web-Individual\\Backend\\src\\controllers\\event.controller.js","statementMap":{"0":{"start":{"line":3,"column":21},"end":{"line":3,"column":57}},"1":{"start":{"line":4,"column":17},"end":{"line":4,"column":50}},"2":{"start":{"line":6,"column":19},"end":{"line":13,"column":1}},"3":{"start":{"line":7,"column":2},"end":{"line":12,"column":3}},"4":{"start":{"line":8,"column":19},"end":{"line":8,"column":77}},"5":{"start":{"line":9,"column":4},"end":{"line":9,"column":69}},"6":{"start":{"line":11,"column":4},"end":{"line":11,"column":21}},"7":{"start":{"line":15,"column":20},"end":{"line":22,"column":1}},"8":{"start":{"line":16,"column":2},"end":{"line":21,"column":3}},"9":{"start":{"line":17,"column":19},"end":{"line":17,"column":57}},"10":{"start":{"line":18,"column":4},"end":{"line":18,"column":45}},"11":{"start":{"line":20,"column":4},"end":{"line":20,"column":21}},"12":{"start":{"line":24,"column":16},"end":{"line":31,"column":1}},"13":{"start":{"line":25,"column":2},"end":{"line":30,"column":3}},"14":{"start":{"line":26,"column":18},"end":{"line":26,"column":64}},"15":{"start":{"line":27,"column":4},"end":{"line":27,"column":44}},"16":{"start":{"line":29,"column":4},"end":{"line":29,"column":21}},"17":{"start":{"line":33,"column":23},"end":{"line":40,"column":1}},"18":{"start":{"line":34,"column":2},"end":{"line":39,"column":3}},"19":{"start":{"line":35,"column":24},"end":{"line":35,"column":72}},"20":{"start":{"line":36,"column":4},"end":{"line":36,"column":50}},"21":{"start":{"line":38,"column":4},"end":{"line":38,"column":21}},"22":{"start":{"line":42,"column":15},"end":{"line":49,"column":1}},"23":{"start":{"line":43,"column":2},"end":{"line":48,"column":3}},"24":{"start":{"line":44,"column":19},"end":{"line":44,"column":83}},"25":{"start":{"line":45,"column":4},"end":{"line":45,"column":69}},"26":{"start":{"line":47,"column":4},"end":{"line":47,"column":21}},"27":{"start":{"line":51,"column":20},"end":{"line":58,"column":1}},"28":{"start":{"line":52,"column":2},"end":{"line":57,"column":3}},"29":{"start":{"line":53,"column":18},"end":{"line":53,"column":76}},"30":{"start":{"line":54,"column":4},"end":{"line":54,"column":74}},"31":{"start":{"line":56,"column":4},"end":{"line":56,"column":21}},"32":{"start":{"line":60,"column":20},"end":{"line":67,"column":1}},"33":{"start":{"line":61,"column":2},"end":{"line":66,"column":3}},"34":{"start":{"line":62,"column":18},"end":{"line":62,"column":91}},"35":{"start":{"line":63,"column":4},"end":{"line":63,"column":74}},"36":{"start":{"line":65,"column":4},"end":{"line":65,"column":21}},"37":{"start":{"line":69,"column":20},"end":{"line":76,"column":1}},"38":{"start":{"line":70,"column":2},"end":{"line":75,"column":3}},"39":{"start":{"line":71,"column":4},"end":{"line":71,"column":68}},"40":{"start":{"line":72,"column":4},"end":{"line":72,"column":69}},"41":{"start":{"line":74,"column":4},"end":{"line":74,"column":21}},"42":{"start":{"line":78,"column":0},"end":{"line":78,"column":117}}},"fnMap":{"0":{"name":"(anonymous_0)","decl":{"start":{"line":6,"column":19},"end":{"line":6,"column":20}},"loc":{"start":{"line":6,"column":45},"end":{"line":13,"column":1}},"line":6},"1":{"name":"(anonymous_1)","decl":{"start":{"line":15,"column":20},"end":{"line":15,"column":21}},"loc":{"start":{"line":15,"column":46},"end":{"line":22,"column":1}},"line":15},"2":{"name":"(anonymous_2)","decl":{"start":{"line":24,"column":16},"end":{"line":24,"column":17}},"loc":{"start":{"line":24,"column":42},"end":{"line":31,"column":1}},"line":24},"3":{"name":"(anonymous_3)","decl":{"start":{"line":33,"column":23},"end":{"line":33,"column":24}},"loc":{"start":{"line":33,"column":49},"end":{"line":40,"column":1}},"line":33},"4":{"name":"(anonymous_4)","decl":{"start":{"line":42,"column":15},"end":{"line":42,"column":16}},"loc":{"start":{"line":42,"column":41},"end":{"line":49,"column":1}},"line":42},"5":{"name":"(anonymous_5)","decl":{"start":{"line":51,"column":20},"end":{"line":51,"column":21}},"loc":{"start":{"line":51,"column":46},"end":{"line":58,"column":1}},"line":51},"6":{"name":"(anonymous_6)","decl":{"start":{"line":60,"column":20},"end":{"line":60,"column":21}},"loc":{"start":{"line":60,"column":46},"end":{"line":67,"column":1}},"line":60},"7":{"name":"(anonymous_7)","decl":{"start":{"line":69,"column":20},"end":{"line":69,"column":21}},"loc":{"start":{"line":69,"column":46},"end":{"line":76,"column":1}},"line":69}},"branchMap":{"0":{"loc":{"start":{"line":8,"column":60},"end":{"line":8,"column":76}},"type":"binary-expr","locations":[{"start":{"line":8,"column":60},"end":{"line":8,"column":68}},{"start":{"line":8,"column":72},"end":{"line":8,"column":76}}],"line":8},"1":{"loc":{"start":{"line":44,"column":51},"end":{"line":44,"column":82}},"type":"binary-expr","locations":[{"start":{"line":44,"column":51},"end":{"line":44,"column":69}},{"start":{"line":44,"column":73},"end":{"line":44,"column":82}}],"line":44},"2":{"loc":{"start":{"line":53,"column":59},"end":{"line":53,"column":75}},"type":"binary-expr","locations":[{"start":{"line":53,"column":59},"end":{"line":53,"column":67}},{"start":{"line":53,"column":71},"end":{"line":53,"column":75}}],"line":53},"3":{"loc":{"start":{"line":62,"column":74},"end":{"line":62,"column":90}},"type":"binary-expr","locations":[{"start":{"line":62,"column":74},"end":{"line":62,"column":82}},{"start":{"line":62,"column":86},"end":{"line":62,"column":90}}],"line":62},"4":{"loc":{"start":{"line":71,"column":50},"end":{"line":71,"column":66}},"type":"binary-expr","locations":[{"start":{"line":71,"column":50},"end":{"line":71,"column":58}},{"start":{"line":71,"column":62},"end":{"line":71,"column":66}}],"line":71}},"s":{"0":1,"1":1,"2":1,"3":0,"4":0,"5":0,"6":0,"7":1,"8":0,"9":0,"10":0,"11":0,"12":1,"13":0,"14":0,"15":0,"16":0,"17":1,"18":0,"19":0,"20":0,"21":0,"22":1,"23":0,"24":0,"25":0,"26":0,"27":1,"28":0,"29":0,"30":0,"31":0,"32":1,"33":0,"34":0,"35":0,"36":0,"37":1,"38":0,"39":0,"40":0,"41":0,"42":1},"f":{"0":0,"1":0,"2":0,"3":0,"4":0,"5":0,"6":0,"7":0},"b":{"0":[0,0],"1":[0,0],"2":[0,0],"3":[0,0],"4":[0,0]},"_coverageSchema":"1a1c01bbd47fc00a2c39e90264f33305004495a9","hash":"a7d751d357810826a520ced8783e1451b453acb3"}
,"C:\\Users\\A S U S\\Documents\\GitHub\\Web-Individual\\Backend\\src\\controllers\\favorite.controller.js": {"path":"C:\\Users\\A S U S\\Documents\\GitHub\\Web-Individual\\Backend\\src\\controllers\\favorite.controller.js","statementMap":{"0":{"start":{"line":3,"column":24},"end":{"line":3,"column":63}},"1":{"start":{"line":4,"column":17},"end":{"line":4,"column":50}},"2":{"start":{"line":6,"column":12},"end":{"line":11,"column":1}},"3":{"start":{"line":7,"column":2},"end":{"line":10,"column":37}},"4":{"start":{"line":8,"column":4},"end":{"line":8,"column":71}},"5":{"start":{"line":9,"column":4},"end":{"line":9,"column":67}},"6":{"start":{"line":10,"column":18},"end":{"line":10,"column":35}},"7":{"start":{"line":13,"column":15},"end":{"line":18,"column":1}},"8":{"start":{"line":14,"column":2},"end":{"line":17,"column":37}},"9":{"start":{"line":15,"column":4},"end":{"line":15,"column":74}},"10":{"start":{"line":16,"column":4},"end":{"line":16,"column":71}},"11":{"start":{"line":17,"column":18},"end":{"line":17,"column":35}},"12":{"start":{"line":20,"column":15},"end":{"line":25,"column":1}},"13":{"start":{"line":21,"column":2},"end":{"line":24,"column":37}},"14":{"start":{"line":22,"column":22},"end":{"line":22,"column":72}},"15":{"start":{"line":23,"column":4},"end":{"line":23,"column":48}},"16":{"start":{"line":24,"column":18},"end":{"line":24,"column":35}},"17":{"start":{"line":27,"column":0},"end":{"line":27,"column":41}}},"fnMap":{"0":{"name":"(anonymous_0)","decl":{"start":{"line":6,"column":12},"end":{"line":6,"column":13}},"loc":{"start":{"line":6,"column":38},"end":{"line":11,"column":1}},"line":6},"1":{"name":"(anonymous_1)","decl":{"start":{"line":13,"column":15},"end":{"line":13,"column":16}},"loc":{"start":{"line":13,"column":41},"end":{"line":18,"column":1}},"line":13},"2":{"name":"(anonymous_2)","decl":{"start":{"line":20,"column":15},"end":{"line":20,"column":16}},"loc":{"start":{"line":20,"column":41},"end":{"line":25,"column":1}},"line":20}},"branchMap":{},"s":{"0":1,"1":1,"2":1,"3":0,"4":0,"5":0,"6":0,"7":1,"8":0,"9":0,"10":0,"11":0,"12":1,"13":0,"14":0,"15":0,"16":0,"17":1},"f":{"0":0,"1":0,"2":0},"b":{},"_coverageSchema":"1a1c01bbd47fc00a2c39e90264f33305004495a9","hash":"ff426e25a02389ad215cc6b5a80708ed91b8a22e"}
,"C:\\Users\\A S U S\\Documents\\GitHub\\Web-Individual\\Backend\\src\\controllers\\notification.controller.js": {"path":"C:\\Users\\A S U S\\Documents\\GitHub\\Web-Individual\\Backend\\src\\controllers\\notification.controller.js","statementMap":{"0":{"start":{"line":3,"column":25},"end":{"line":3,"column":75}},"1":{"start":{"line":4,"column":17},"end":{"line":4,"column":50}},"2":{"start":{"line":5,"column":21},"end":{"line":5,"column":54}},"3":{"start":{"line":8,"column":16},"end":{"line":14,"column":1}},"4":{"start":{"line":9,"column":2},"end":{"line":13,"column":37}},"5":{"start":{"line":10,"column":41},"end":{"line":10,"column":82}},"6":{"start":{"line":11,"column":19},"end":{"line":11,"column":84}},"7":{"start":{"line":12,"column":4},"end":{"line":12,"column":82}},"8":{"start":{"line":13,"column":18},"end":{"line":13,"column":35}},"9":{"start":{"line":16,"column":15},"end":{"line":22,"column":1}},"10":{"start":{"line":17,"column":2},"end":{"line":21,"column":37}},"11":{"start":{"line":18,"column":41},"end":{"line":18,"column":82}},"12":{"start":{"line":19,"column":19},"end":{"line":19,"column":80}},"13":{"start":{"line":20,"column":4},"end":{"line":20,"column":82}},"14":{"start":{"line":21,"column":18},"end":{"line":21,"column":35}},"15":{"start":{"line":24,"column":17},"end":{"line":29,"column":1}},"16":{"start":{"line":25,"column":2},"end":{"line":28,"column":37}},"17":{"start":{"line":26,"column":25},"end":{"line":26,"column":84}},"18":{"start":{"line":27,"column":4},"end":{"line":27,"column":82}},"19":{"start":{"line":28,"column":18},"end":{"line":28,"column":35}},"20":{"start":{"line":31,"column":20},"end":{"line":36,"column":1}},"21":{"start":{"line":32,"column":2},"end":{"line":35,"column":37}},"22":{"start":{"line":33,"column":4},"end":{"line":33,"column":52}},"23":{"start":{"line":34,"column":4},"end":{"line":34,"column":71}},"24":{"start":{"line":35,"column":18},"end":{"line":35,"column":35}},"25":{"start":{"line":38,"column":15},"end":{"line":43,"column":1}},"26":{"start":{"line":39,"column":2},"end":{"line":42,"column":37}},"27":{"start":{"line":40,"column":4},"end":{"line":40,"column":66}},"28":{"start":{"line":41,"column":4},"end":{"line":41,"column":76}},"29":{"start":{"line":42,"column":18},"end":{"line":42,"column":35}},"30":{"start":{"line":45,"column":0},"end":{"line":45,"column":68}}},"fnMap":{"0":{"name":"(anonymous_0)","decl":{"start":{"line":8,"column":16},"end":{"line":8,"column":17}},"loc":{"start":{"line":8,"column":42},"end":{"line":14,"column":1}},"line":8},"1":{"name":"(anonymous_1)","decl":{"start":{"line":16,"column":15},"end":{"line":16,"column":16}},"loc":{"start":{"line":16,"column":41},"end":{"line":22,"column":1}},"line":16},"2":{"name":"(anonymous_2)","decl":{"start":{"line":24,"column":17},"end":{"line":24,"column":18}},"loc":{"start":{"line":24,"column":43},"end":{"line":29,"column":1}},"line":24},"3":{"name":"(anonymous_3)","decl":{"start":{"line":31,"column":20},"end":{"line":31,"column":21}},"loc":{"start":{"line":31,"column":46},"end":{"line":36,"column":1}},"line":31},"4":{"name":"(anonymous_4)","decl":{"start":{"line":38,"column":15},"end":{"line":38,"column":16}},"loc":{"start":{"line":38,"column":41},"end":{"line":43,"column":1}},"line":38}},"branchMap":{},"s":{"0":1,"1":1,"2":1,"3":1,"4":0,"5":0,"6":0,"7":0,"8":0,"9":1,"10":0,"11":0,"12":0,"13":0,"14":0,"15":1,"16":0,"17":0,"18":0,"19":0,"20":1,"21":0,"22":0,"23":0,"24":0,"25":1,"26":0,"27":0,"28":0,"29":0,"30":1},"f":{"0":0,"1":0,"2":0,"3":0,"4":0},"b":{},"_coverageSchema":"1a1c01bbd47fc00a2c39e90264f33305004495a9","hash":"24979f48701cec8894bd7b14f7338d49962ceb9c"}
,"C:\\Users\\A S U S\\Documents\\GitHub\\Web-Individual\\Backend\\src\\controllers\\order.controller.js": {"path":"C:\\Users\\A S U S\\Documents\\GitHub\\Web-Individual\\Backend\\src\\controllers\\order.controller.js","statementMap":{"0":{"start":{"line":3,"column":21},"end":{"line":3,"column":57}},"1":{"start":{"line":4,"column":17},"end":{"line":4,"column":50}},"2":{"start":{"line":6,"column":20},"end":{"line":11,"column":1}},"3":{"start":{"line":7,"column":2},"end":{"line":10,"column":37}},"4":{"start":{"line":8,"column":18},"end":{"line":8,"column":81}},"5":{"start":{"line":9,"column":4},"end":{"line":9,"column":74}},"6":{"start":{"line":10,"column":18},"end":{"line":10,"column":35}},"7":{"start":{"line":13,"column":21},"end":{"line":18,"column":1}},"8":{"start":{"line":14,"column":2},"end":{"line":17,"column":37}},"9":{"start":{"line":15,"column":19},"end":{"line":15,"column":90}},"10":{"start":{"line":16,"column":4},"end":{"line":16,"column":69}},"11":{"start":{"line":17,"column":18},"end":{"line":17,"column":35}},"12":{"start":{"line":20,"column":19},"end":{"line":25,"column":1}},"13":{"start":{"line":21,"column":2},"end":{"line":24,"column":37}},"14":{"start":{"line":22,"column":19},"end":{"line":22,"column":69}},"15":{"start":{"line":23,"column":4},"end":{"line":23,"column":69}},"16":{"start":{"line":24,"column":18},"end":{"line":24,"column":35}},"17":{"start":{"line":27,"column":17},"end":{"line":32,"column":1}},"18":{"start":{"line":28,"column":2},"end":{"line":31,"column":37}},"19":{"start":{"line":29,"column":18},"end":{"line":29,"column":70}},"20":{"start":{"line":30,"column":4},"end":{"line":30,"column":44}},"21":{"start":{"line":31,"column":18},"end":{"line":31,"column":35}},"22":{"start":{"line":34,"column":20},"end":{"line":39,"column":1}},"23":{"start":{"line":35,"column":2},"end":{"line":38,"column":37}},"24":{"start":{"line":36,"column":18},"end":{"line":36,"column":73}},"25":{"start":{"line":37,"column":4},"end":{"line":37,"column":76}},"26":{"start":{"line":38,"column":18},"end":{"line":38,"column":35}},"27":{"start":{"line":41,"column":21},"end":{"line":46,"column":1}},"28":{"start":{"line":42,"column":2},"end":{"line":45,"column":37}},"29":{"start":{"line":43,"column":18},"end":{"line":43,"column":96}},"30":{"start":{"line":44,"column":4},"end":{"line":44,"column":81}},"31":{"start":{"line":45,"column":18},"end":{"line":45,"column":35}},"32":{"start":{"line":48,"column":18},"end":{"line":53,"column":1}},"33":{"start":{"line":49,"column":2},"end":{"line":52,"column":37}},"34":{"start":{"line":50,"column":17},"end":{"line":50,"column":50}},"35":{"start":{"line":51,"column":4},"end":{"line":51,"column":39}},"36":{"start":{"line":52,"column":18},"end":{"line":52,"column":35}},"37":{"start":{"line":55,"column":0},"end":{"line":55,"column":107}}},"fnMap":{"0":{"name":"(anonymous_0)","decl":{"start":{"line":6,"column":20},"end":{"line":6,"column":21}},"loc":{"start":{"line":6,"column":46},"end":{"line":11,"column":1}},"line":6},"1":{"name":"(anonymous_1)","decl":{"start":{"line":13,"column":21},"end":{"line":13,"column":22}},"loc":{"start":{"line":13,"column":47},"end":{"line":18,"column":1}},"line":13},"2":{"name":"(anonymous_2)","decl":{"start":{"line":20,"column":19},"end":{"line":20,"column":20}},"loc":{"start":{"line":20,"column":45},"end":{"line":25,"column":1}},"line":20},"3":{"name":"(anonymous_3)","decl":{"start":{"line":27,"column":17},"end":{"line":27,"column":18}},"loc":{"start":{"line":27,"column":43},"end":{"line":32,"column":1}},"line":27},"4":{"name":"(anonymous_4)","decl":{"start":{"line":34,"column":20},"end":{"line":34,"column":21}},"loc":{"start":{"line":34,"column":46},"end":{"line":39,"column":1}},"line":34},"5":{"name":"(anonymous_5)","decl":{"start":{"line":41,"column":21},"end":{"line":41,"column":22}},"loc":{"start":{"line":41,"column":47},"end":{"line":46,"column":1}},"line":41},"6":{"name":"(anonymous_6)","decl":{"start":{"line":48,"column":18},"end":{"line":48,"column":19}},"loc":{"start":{"line":48,"column":45},"end":{"line":53,"column":1}},"line":48}},"branchMap":{},"s":{"0":1,"1":1,"2":1,"3":0,"4":0,"5":0,"6":0,"7":1,"8":0,"9":0,"10":0,"11":0,"12":1,"13":0,"14":0,"15":0,"16":0,"17":1,"18":0,"19":0,"20":0,"21":0,"22":1,"23":0,"24":0,"25":0,"26":0,"27":1,"28":0,"29":0,"30":0,"31":0,"32":1,"33":0,"34":0,"35":0,"36":0,"37":1},"f":{"0":0,"1":0,"2":0,"3":0,"4":0,"5":0,"6":0},"b":{},"_coverageSchema":"1a1c01bbd47fc00a2c39e90264f33305004495a9","hash":"48e6dc509938104d3ddf8dc3761670f565723de0"}
,"C:\\Users\\A S U S\\Documents\\GitHub\\Web-Individual\\Backend\\src\\controllers\\payment.controller.js": {"path":"C:\\Users\\A S U S\\Documents\\GitHub\\Web-Individual\\Backend\\src\\controllers\\payment.controller.js","statementMap":{"0":{"start":{"line":3,"column":23},"end":{"line":3,"column":61}},"1":{"start":{"line":4,"column":17},"end":{"line":4,"column":50}},"2":{"start":{"line":6,"column":20},"end":{"line":17,"column":1}},"3":{"start":{"line":7,"column":2},"end":{"line":16,"column":3}},"4":{"start":{"line":8,"column":20},"end":{"line":12,"column":5}},"5":{"start":{"line":13,"column":4},"end":{"line":13,"column":68}},"6":{"start":{"line":15,"column":4},"end":{"line":15,"column":21}},"7":{"start":{"line":19,"column":23},"end":{"line":29,"column":1}},"8":{"start":{"line":20,"column":2},"end":{"line":28,"column":3}},"9":{"start":{"line":21,"column":19},"end":{"line":24,"column":5}},"10":{"start":{"line":25,"column":4},"end":{"line":25,"column":71}},"11":{"start":{"line":27,"column":4},"end":{"line":27,"column":21}},"12":{"start":{"line":31,"column":21},"end":{"line":38,"column":1}},"13":{"start":{"line":32,"column":2},"end":{"line":37,"column":3}},"14":{"start":{"line":33,"column":19},"end":{"line":33,"column":73}},"15":{"start":{"line":34,"column":4},"end":{"line":34,"column":71}},"16":{"start":{"line":36,"column":4},"end":{"line":36,"column":21}},"17":{"start":{"line":40,"column":19},"end":{"line":47,"column":1}},"18":{"start":{"line":41,"column":2},"end":{"line":46,"column":3}},"19":{"start":{"line":42,"column":20},"end":{"line":42,"column":76}},"20":{"start":{"line":43,"column":4},"end":{"line":43,"column":46}},"21":{"start":{"line":45,"column":4},"end":{"line":45,"column":21}},"22":{"start":{"line":49,"column":21},"end":{"line":64,"column":1}},"23":{"start":{"line":50,"column":2},"end":{"line":63,"column":3}},"24":{"start":{"line":51,"column":20},"end":{"line":55,"column":5}},"25":{"start":{"line":56,"column":4},"end":{"line":60,"column":6}},"26":{"start":{"line":62,"column":4},"end":{"line":62,"column":21}},"27":{"start":{"line":66,"column":15},"end":{"line":73,"column":1}},"28":{"start":{"line":67,"column":2},"end":{"line":72,"column":3}},"29":{"start":{"line":68,"column":20},"end":{"line":68,"column":79}},"30":{"start":{"line":69,"column":4},"end":{"line":69,"column":79}},"31":{"start":{"line":71,"column":4},"end":{"line":71,"column":21}},"32":{"start":{"line":75,"column":0},"end":{"line":82,"column":2}}},"fnMap":{"0":{"name":"(anonymous_0)","decl":{"start":{"line":6,"column":20},"end":{"line":6,"column":21}},"loc":{"start":{"line":6,"column":46},"end":{"line":17,"column":1}},"line":6},"1":{"name":"(anonymous_1)","decl":{"start":{"line":19,"column":23},"end":{"line":19,"column":24}},"loc":{"start":{"line":19,"column":49},"end":{"line":29,"column":1}},"line":19},"2":{"name":"(anonymous_2)","decl":{"start":{"line":31,"column":21},"end":{"line":31,"column":22}},"loc":{"start":{"line":31,"column":47},"end":{"line":38,"column":1}},"line":31},"3":{"name":"(anonymous_3)","decl":{"start":{"line":40,"column":19},"end":{"line":40,"column":20}},"loc":{"start":{"line":40,"column":45},"end":{"line":47,"column":1}},"line":40},"4":{"name":"(anonymous_4)","decl":{"start":{"line":49,"column":21},"end":{"line":49,"column":22}},"loc":{"start":{"line":49,"column":47},"end":{"line":64,"column":1}},"line":49},"5":{"name":"(anonymous_5)","decl":{"start":{"line":66,"column":15},"end":{"line":66,"column":16}},"loc":{"start":{"line":66,"column":41},"end":{"line":73,"column":1}},"line":66}},"branchMap":{},"s":{"0":1,"1":1,"2":1,"3":0,"4":0,"5":0,"6":0,"7":1,"8":0,"9":0,"10":0,"11":0,"12":1,"13":0,"14":0,"15":0,"16":0,"17":1,"18":0,"19":0,"20":0,"21":0,"22":1,"23":0,"24":0,"25":0,"26":0,"27":1,"28":0,"29":0,"30":0,"31":0,"32":1},"f":{"0":0,"1":0,"2":0,"3":0,"4":0,"5":0},"b":{},"_coverageSchema":"1a1c01bbd47fc00a2c39e90264f33305004495a9","hash":"b76a53dcd65433180188f0cb2f9d2748dffcf9ab"}
,"C:\\Users\\A S U S\\Documents\\GitHub\\Web-Individual\\Backend\\src\\controllers\\review.controller.js": {"path":"C:\\Users\\A S U S\\Documents\\GitHub\\Web-Individual\\Backend\\src\\controllers\\review.controller.js","statementMap":{"0":{"start":{"line":3,"column":22},"end":{"line":3,"column":59}},"1":{"start":{"line":4,"column":17},"end":{"line":4,"column":50}},"2":{"start":{"line":7,"column":13},"end":{"line":12,"column":1}},"3":{"start":{"line":8,"column":2},"end":{"line":11,"column":37}},"4":{"start":{"line":9,"column":19},"end":{"line":9,"column":71}},"5":{"start":{"line":10,"column":4},"end":{"line":10,"column":70}},"6":{"start":{"line":11,"column":18},"end":{"line":11,"column":35}},"7":{"start":{"line":14,"column":15},"end":{"line":19,"column":1}},"8":{"start":{"line":15,"column":2},"end":{"line":18,"column":37}},"9":{"start":{"line":16,"column":19},"end":{"line":16,"column":74}},"10":{"start":{"line":17,"column":4},"end":{"line":17,"column":78}},"11":{"start":{"line":18,"column":18},"end":{"line":18,"column":35}},"12":{"start":{"line":21,"column":20},"end":{"line":26,"column":1}},"13":{"start":{"line":22,"column":2},"end":{"line":25,"column":37}},"14":{"start":{"line":23,"column":17},"end":{"line":23,"column":90}},"15":{"start":{"line":24,"column":4},"end":{"line":24,"column":39}},"16":{"start":{"line":25,"column":18},"end":{"line":25,"column":35}},"17":{"start":{"line":28,"column":15},"end":{"line":33,"column":1}},"18":{"start":{"line":29,"column":2},"end":{"line":32,"column":37}},"19":{"start":{"line":30,"column":19},"end":{"line":30,"column":116}},"20":{"start":{"line":31,"column":4},"end":{"line":31,"column":76}},"21":{"start":{"line":32,"column":18},"end":{"line":32,"column":35}},"22":{"start":{"line":35,"column":15},"end":{"line":40,"column":1}},"23":{"start":{"line":36,"column":2},"end":{"line":39,"column":37}},"24":{"start":{"line":37,"column":4},"end":{"line":37,"column":92}},"25":{"start":{"line":38,"column":4},"end":{"line":38,"column":70}},"26":{"start":{"line":39,"column":18},"end":{"line":39,"column":35}},"27":{"start":{"line":42,"column":15},"end":{"line":47,"column":1}},"28":{"start":{"line":43,"column":2},"end":{"line":46,"column":37}},"29":{"start":{"line":44,"column":19},"end":{"line":44,"column":84}},"30":{"start":{"line":45,"column":4},"end":{"line":45,"column":74}},"31":{"start":{"line":46,"column":18},"end":{"line":46,"column":35}},"32":{"start":{"line":49,"column":0},"end":{"line":49,"column":71}}},"fnMap":{"0":{"name":"(anonymous_0)","decl":{"start":{"line":7,"column":13},"end":{"line":7,"column":14}},"loc":{"start":{"line":7,"column":39},"end":{"line":12,"column":1}},"line":7},"1":{"name":"(anonymous_1)","decl":{"start":{"line":14,"column":15},"end":{"line":14,"column":16}},"loc":{"start":{"line":14,"column":41},"end":{"line":19,"column":1}},"line":14},"2":{"name":"(anonymous_2)","decl":{"start":{"line":21,"column":20},"end":{"line":21,"column":21}},"loc":{"start":{"line":21,"column":46},"end":{"line":26,"column":1}},"line":21},"3":{"name":"(anonymous_3)","decl":{"start":{"line":28,"column":15},"end":{"line":28,"column":16}},"loc":{"start":{"line":28,"column":41},"end":{"line":33,"column":1}},"line":28},"4":{"name":"(anonymous_4)","decl":{"start":{"line":35,"column":15},"end":{"line":35,"column":16}},"loc":{"start":{"line":35,"column":41},"end":{"line":40,"column":1}},"line":35},"5":{"name":"(anonymous_5)","decl":{"start":{"line":42,"column":15},"end":{"line":42,"column":16}},"loc":{"start":{"line":42,"column":41},"end":{"line":47,"column":1}},"line":42}},"branchMap":{"0":{"loc":{"start":{"line":23,"column":54},"end":{"line":23,"column":89}},"type":"binary-expr","locations":[{"start":{"line":23,"column":54},"end":{"line":23,"column":72}},{"start":{"line":23,"column":76},"end":{"line":23,"column":89}}],"line":23}},"s":{"0":1,"1":1,"2":1,"3":0,"4":0,"5":0,"6":0,"7":1,"8":0,"9":0,"10":0,"11":0,"12":1,"13":0,"14":0,"15":0,"16":0,"17":1,"18":0,"19":0,"20":0,"21":0,"22":1,"23":0,"24":0,"25":0,"26":0,"27":1,"28":0,"29":0,"30":0,"31":0,"32":1},"f":{"0":0,"1":0,"2":0,"3":0,"4":0,"5":0},"b":{"0":[0,0]},"_coverageSchema":"1a1c01bbd47fc00a2c39e90264f33305004495a9","hash":"701f798acc38d11c6178b3fb5db76696bbec8610"}
,"C:\\Users\\A S U S\\Documents\\GitHub\\Web-Individual\\Backend\\src\\controllers\\ticket.controller.js": {"path":"C:\\Users\\A S U S\\Documents\\GitHub\\Web-Individual\\Backend\\src\\controllers\\ticket.controller.js","statementMap":{"0":{"start":{"line":3,"column":22},"end":{"line":3,"column":59}},"1":{"start":{"line":4,"column":17},"end":{"line":4,"column":50}},"2":{"start":{"line":6,"column":21},"end":{"line":13,"column":1}},"3":{"start":{"line":7,"column":2},"end":{"line":12,"column":3}},"4":{"start":{"line":8,"column":19},"end":{"line":8,"column":75}},"5":{"start":{"line":9,"column":4},"end":{"line":9,"column":70}},"6":{"start":{"line":11,"column":4},"end":{"line":11,"column":21}},"7":{"start":{"line":15,"column":20},"end":{"line":22,"column":1}},"8":{"start":{"line":16,"column":2},"end":{"line":21,"column":3}},"9":{"start":{"line":17,"column":19},"end":{"line":17,"column":71}},"10":{"start":{"line":18,"column":4},"end":{"line":18,"column":70}},"11":{"start":{"line":20,"column":4},"end":{"line":20,"column":21}},"12":{"start":{"line":24,"column":18},"end":{"line":31,"column":1}},"13":{"start":{"line":25,"column":2},"end":{"line":30,"column":3}},"14":{"start":{"line":26,"column":19},"end":{"line":26,"column":73}},"15":{"start":{"line":27,"column":4},"end":{"line":27,"column":45}},"16":{"start":{"line":29,"column":4},"end":{"line":29,"column":21}},"17":{"start":{"line":33,"column":16},"end":{"line":40,"column":1}},"18":{"start":{"line":34,"column":2},"end":{"line":39,"column":3}},"19":{"start":{"line":35,"column":19},"end":{"line":35,"column":79}},"20":{"start":{"line":36,"column":4},"end":{"line":36,"column":79}},"21":{"start":{"line":38,"column":4},"end":{"line":38,"column":21}},"22":{"start":{"line":42,"column":21},"end":{"line":49,"column":1}},"23":{"start":{"line":43,"column":2},"end":{"line":48,"column":3}},"24":{"start":{"line":44,"column":19},"end":{"line":44,"column":76}},"25":{"start":{"line":45,"column":4},"end":{"line":45,"column":78}},"26":{"start":{"line":47,"column":4},"end":{"line":47,"column":21}},"27":{"start":{"line":51,"column":17},"end":{"line":58,"column":1}},"28":{"start":{"line":52,"column":2},"end":{"line":57,"column":3}},"29":{"start":{"line":53,"column":18},"end":{"line":53,"column":56}},"30":{"start":{"line":54,"column":4},"end":{"line":54,"column":44}},"31":{"start":{"line":56,"column":4},"end":{"line":56,"column":21}},"32":{"start":{"line":60,"column":0},"end":{"line":60,"column":91}}},"fnMap":{"0":{"name":"(anonymous_0)","decl":{"start":{"line":6,"column":21},"end":{"line":6,"column":22}},"loc":{"start":{"line":6,"column":47},"end":{"line":13,"column":1}},"line":6},"1":{"name":"(anonymous_1)","decl":{"start":{"line":15,"column":20},"end":{"line":15,"column":21}},"loc":{"start":{"line":15,"column":46},"end":{"line":22,"column":1}},"line":15},"2":{"name":"(anonymous_2)","decl":{"start":{"line":24,"column":18},"end":{"line":24,"column":19}},"loc":{"start":{"line":24,"column":44},"end":{"line":31,"column":1}},"line":24},"3":{"name":"(anonymous_3)","decl":{"start":{"line":33,"column":16},"end":{"line":33,"column":17}},"loc":{"start":{"line":33,"column":42},"end":{"line":40,"column":1}},"line":33},"4":{"name":"(anonymous_4)","decl":{"start":{"line":42,"column":21},"end":{"line":42,"column":22}},"loc":{"start":{"line":42,"column":47},"end":{"line":49,"column":1}},"line":42},"5":{"name":"(anonymous_5)","decl":{"start":{"line":51,"column":17},"end":{"line":51,"column":18}},"loc":{"start":{"line":51,"column":43},"end":{"line":58,"column":1}},"line":51}},"branchMap":{},"s":{"0":1,"1":1,"2":1,"3":0,"4":0,"5":0,"6":0,"7":1,"8":0,"9":0,"10":0,"11":0,"12":1,"13":0,"14":0,"15":0,"16":0,"17":1,"18":0,"19":0,"20":0,"21":0,"22":1,"23":0,"24":0,"25":0,"26":0,"27":1,"28":0,"29":0,"30":0,"31":0,"32":1},"f":{"0":0,"1":0,"2":0,"3":0,"4":0,"5":0},"b":{},"_coverageSchema":"1a1c01bbd47fc00a2c39e90264f33305004495a9","hash":"c71b2804969cd544d5226b6b18d4f11325d013fb"}
,"C:\\Users\\A S U S\\Documents\\GitHub\\Web-Individual\\Backend\\src\\controllers\\user.controller.js": {"path":"C:\\Users\\A S U S\\Documents\\GitHub\\Web-Individual\\Backend\\src\\controllers\\user.controller.js","statementMap":{"0":{"start":{"line":3,"column":20},"end":{"line":3,"column":55}},"1":{"start":{"line":4,"column":17},"end":{"line":4,"column":50}},"2":{"start":{"line":6,"column":14},"end":{"line":13,"column":1}},"3":{"start":{"line":7,"column":2},"end":{"line":12,"column":3}},"4":{"start":{"line":8,"column":17},"end":{"line":8,"column":53}},"5":{"start":{"line":9,"column":4},"end":{"line":9,"column":43}},"6":{"start":{"line":11,"column":4},"end":{"line":11,"column":21}},"7":{"start":{"line":15,"column":17},"end":{"line":22,"column":1}},"8":{"start":{"line":16,"column":2},"end":{"line":21,"column":3}},"9":{"start":{"line":17,"column":18},"end":{"line":17,"column":57}},"10":{"start":{"line":18,"column":4},"end":{"line":18,"column":44}},"11":{"start":{"line":20,"column":4},"end":{"line":20,"column":21}},"12":{"start":{"line":24,"column":17},"end":{"line":35,"column":1}},"13":{"start":{"line":25,"column":2},"end":{"line":34,"column":3}},"14":{"start":{"line":26,"column":18},"end":{"line":26,"column":58}},"15":{"start":{"line":27,"column":17},"end":{"line":30,"column":6}},"16":{"start":{"line":31,"column":4},"end":{"line":31,"column":75}},"17":{"start":{"line":33,"column":4},"end":{"line":33,"column":21}},"18":{"start":{"line":37,"column":23},"end":{"line":44,"column":1}},"19":{"start":{"line":38,"column":2},"end":{"line":43,"column":3}},"20":{"start":{"line":39,"column":4},"end":{"line":39,"column":60}},"21":{"start":{"line":40,"column":4},"end":{"line":40,"column":72}},"22":{"start":{"line":42,"column":4},"end":{"line":42,"column":21}},"23":{"start":{"line":46,"column":23},"end":{"line":53,"column":1}},"24":{"start":{"line":47,"column":2},"end":{"line":52,"column":3}},"25":{"start":{"line":48,"column":24},"end":{"line":48,"column":69}},"26":{"start":{"line":49,"column":4},"end":{"line":49,"column":50}},"27":{"start":{"line":51,"column":4},"end":{"line":51,"column":21}},"28":{"start":{"line":55,"column":26},"end":{"line":69,"column":1}},"29":{"start":{"line":56,"column":2},"end":{"line":68,"column":3}},"30":{"start":{"line":57,"column":24},"end":{"line":60,"column":5}},"31":{"start":{"line":61,"column":4},"end":{"line":65,"column":6}},"32":{"start":{"line":67,"column":4},"end":{"line":67,"column":21}},"33":{"start":{"line":71,"column":22},"end":{"line":78,"column":1}},"34":{"start":{"line":72,"column":2},"end":{"line":77,"column":3}},"35":{"start":{"line":73,"column":22},"end":{"line":73,"column":66}},"36":{"start":{"line":74,"column":4},"end":{"line":74,"column":48}},"37":{"start":{"line":76,"column":4},"end":{"line":76,"column":21}},"38":{"start":{"line":80,"column":23},"end":{"line":87,"column":1}},"39":{"start":{"line":81,"column":2},"end":{"line":86,"column":3}},"40":{"start":{"line":82,"column":21},"end":{"line":82,"column":76}},"41":{"start":{"line":83,"column":4},"end":{"line":83,"column":78}},"42":{"start":{"line":85,"column":4},"end":{"line":85,"column":21}},"43":{"start":{"line":89,"column":23},"end":{"line":100,"column":1}},"44":{"start":{"line":90,"column":2},"end":{"line":99,"column":3}},"45":{"start":{"line":91,"column":21},"end":{"line":95,"column":5}},"46":{"start":{"line":96,"column":4},"end":{"line":96,"column":80}},"47":{"start":{"line":98,"column":4},"end":{"line":98,"column":21}},"48":{"start":{"line":102,"column":23},"end":{"line":109,"column":1}},"49":{"start":{"line":103,"column":2},"end":{"line":108,"column":3}},"50":{"start":{"line":104,"column":4},"end":{"line":104,"column":65}},"51":{"start":{"line":105,"column":4},"end":{"line":105,"column":72}},"52":{"start":{"line":107,"column":4},"end":{"line":107,"column":21}},"53":{"start":{"line":111,"column":27},"end":{"line":125,"column":1}},"54":{"start":{"line":112,"column":2},"end":{"line":124,"column":3}},"55":{"start":{"line":113,"column":21},"end":{"line":116,"column":5}},"56":{"start":{"line":117,"column":4},"end":{"line":121,"column":6}},"57":{"start":{"line":123,"column":4},"end":{"line":123,"column":21}},"58":{"start":{"line":127,"column":27},"end":{"line":134,"column":1}},"59":{"start":{"line":128,"column":2},"end":{"line":133,"column":3}},"60":{"start":{"line":129,"column":27},"end":{"line":129,"column":76}},"61":{"start":{"line":130,"column":4},"end":{"line":130,"column":53}},"62":{"start":{"line":132,"column":4},"end":{"line":132,"column":21}},"63":{"start":{"line":136,"column":28},"end":{"line":150,"column":1}},"64":{"start":{"line":137,"column":2},"end":{"line":149,"column":3}},"65":{"start":{"line":138,"column":26},"end":{"line":141,"column":5}},"66":{"start":{"line":142,"column":4},"end":{"line":146,"column":6}},"67":{"start":{"line":148,"column":4},"end":{"line":148,"column":21}},"68":{"start":{"line":152,"column":28},"end":{"line":167,"column":1}},"69":{"start":{"line":153,"column":2},"end":{"line":166,"column":3}},"70":{"start":{"line":154,"column":26},"end":{"line":158,"column":5}},"71":{"start":{"line":159,"column":4},"end":{"line":163,"column":6}},"72":{"start":{"line":165,"column":4},"end":{"line":165,"column":21}},"73":{"start":{"line":169,"column":28},"end":{"line":176,"column":1}},"74":{"start":{"line":170,"column":2},"end":{"line":175,"column":3}},"75":{"start":{"line":171,"column":4},"end":{"line":171,"column":70}},"76":{"start":{"line":172,"column":4},"end":{"line":172,"column":78}},"77":{"start":{"line":174,"column":4},"end":{"line":174,"column":21}},"78":{"start":{"line":178,"column":32},"end":{"line":192,"column":1}},"79":{"start":{"line":179,"column":2},"end":{"line":191,"column":3}},"80":{"start":{"line":180,"column":26},"end":{"line":183,"column":5}},"81":{"start":{"line":184,"column":4},"end":{"line":188,"column":6}},"82":{"start":{"line":190,"column":4},"end":{"line":190,"column":21}},"83":{"start":{"line":194,"column":18},"end":{"line":201,"column":1}},"84":{"start":{"line":195,"column":2},"end":{"line":200,"column":3}},"85":{"start":{"line":196,"column":19},"end":{"line":196,"column":57}},"86":{"start":{"line":197,"column":4},"end":{"line":197,"column":68}},"87":{"start":{"line":199,"column":4},"end":{"line":199,"column":21}},"88":{"start":{"line":203,"column":19},"end":{"line":210,"column":1}},"89":{"start":{"line":204,"column":2},"end":{"line":209,"column":3}},"90":{"start":{"line":205,"column":17},"end":{"line":205,"column":55}},"91":{"start":{"line":206,"column":4},"end":{"line":206,"column":72}},"92":{"start":{"line":208,"column":4},"end":{"line":208,"column":21}},"93":{"start":{"line":212,"column":19},"end":{"line":219,"column":1}},"94":{"start":{"line":213,"column":2},"end":{"line":218,"column":3}},"95":{"start":{"line":214,"column":17},"end":{"line":214,"column":70}},"96":{"start":{"line":215,"column":4},"end":{"line":215,"column":72}},"97":{"start":{"line":217,"column":4},"end":{"line":217,"column":21}},"98":{"start":{"line":221,"column":22},"end":{"line":228,"column":1}},"99":{"start":{"line":222,"column":2},"end":{"line":227,"column":3}},"100":{"start":{"line":223,"column":17},"end":{"line":223,"column":79}},"101":{"start":{"line":224,"column":4},"end":{"line":224,"column":79}},"102":{"start":{"line":226,"column":4},"end":{"line":226,"column":21}},"103":{"start":{"line":230,"column":19},"end":{"line":237,"column":1}},"104":{"start":{"line":231,"column":2},"end":{"line":236,"column":3}},"105":{"start":{"line":232,"column":4},"end":{"line":232,"column":48}},"106":{"start":{"line":233,"column":4},"end":{"line":233,"column":68}},"107":{"start":{"line":235,"column":4},"end":{"line":235,"column":21}},"108":{"start":{"line":239,"column":0},"end":{"line":261,"column":2}}},"fnMap":{"0":{"name":"(anonymous_0)","decl":{"start":{"line":6,"column":14},"end":{"line":6,"column":15}},"loc":{"start":{"line":6,"column":40},"end":{"line":13,"column":1}},"line":6},"1":{"name":"(anonymous_1)","decl":{"start":{"line":15,"column":17},"end":{"line":15,"column":18}},"loc":{"start":{"line":15,"column":43},"end":{"line":22,"column":1}},"line":15},"2":{"name":"(anonymous_2)","decl":{"start":{"line":24,"column":17},"end":{"line":24,"column":18}},"loc":{"start":{"line":24,"column":43},"end":{"line":35,"column":1}},"line":24},"3":{"name":"(anonymous_3)","decl":{"start":{"line":37,"column":23},"end":{"line":37,"column":24}},"loc":{"start":{"line":37,"column":49},"end":{"line":44,"column":1}},"line":37},"4":{"name":"(anonymous_4)","decl":{"start":{"line":46,"column":23},"end":{"line":46,"column":24}},"loc":{"start":{"line":46,"column":49},"end":{"line":53,"column":1}},"line":46},"5":{"name":"(anonymous_5)","decl":{"start":{"line":55,"column":26},"end":{"line":55,"column":27}},"loc":{"start":{"line":55,"column":52},"end":{"line":69,"column":1}},"line":55},"6":{"name":"(anonymous_6)","decl":{"start":{"line":71,"column":22},"end":{"line":71,"column":23}},"loc":{"start":{"line":71,"column":48},"end":{"line":78,"column":1}},"line":71},"7":{"name":"(anonymous_7)","decl":{"start":{"line":80,"column":23},"end":{"line":80,"column":24}},"loc":{"start":{"line":80,"column":49},"end":{"line":87,"column":1}},"line":80},"8":{"name":"(anonymous_8)","decl":{"start":{"line":89,"column":23},"end":{"line":89,"column":24}},"loc":{"start":{"line":89,"column":49},"end":{"line":100,"column":1}},"line":89},"9":{"name":"(anonymous_9)","decl":{"start":{"line":102,"column":23},"end":{"line":102,"column":24}},"loc":{"start":{"line":102,"column":49},"end":{"line":109,"column":1}},"line":102},"10":{"name":"(anonymous_10)","decl":{"start":{"line":111,"column":27},"end":{"line":111,"column":28}},"loc":{"start":{"line":111,"column":53},"end":{"line":125,"column":1}},"line":111},"11":{"name":"(anonymous_11)","decl":{"start":{"line":127,"column":27},"end":{"line":127,"column":28}},"loc":{"start":{"line":127,"column":53},"end":{"line":134,"column":1}},"line":127},"12":{"name":"(anonymous_12)","decl":{"start":{"line":136,"column":28},"end":{"line":136,"column":29}},"loc":{"start":{"line":136,"column":54},"end":{"line":150,"column":1}},"line":136},"13":{
[...]
":15},"end":{"line":41,"column":31}},"10":{"start":{"line":42,"column":2},"end":{"line":42,"column":60}},"11":{"start":{"line":47,"column":22},"end":{"line":50,"column":1}},"12":{"start":{"line":54,"column":19},"end":{"line":71,"column":1}},"13":{"start":{"line":75,"column":0},"end":{"line":85,"column":1}},"14":{"start":{"line":76,"column":2},"end":{"line":84,"column":4}},"15":{"start":{"line":93,"column":15},"end":{"line":99,"column":2}},"16":{"start":{"line":107,"column":21},"end":{"line":115,"column":1}},"17":{"start":{"line":113,"column":4},"end":{"line":113,"column":32}},"18":{"start":{"line":122,"column":25},"end":{"line":128,"column":1}},"19":{"start":{"line":126,"column":19},"end":{"line":126,"column":70}},"20":{"start":{"line":130,"column":0},"end":{"line":130,"column":24}},"21":{"start":{"line":131,"column":0},"end":{"line":131,"column":51}}},"fnMap":{"0":{"name":"(anonymous_0)","decl":{"start":{"line":39,"column":29},"end":{"line":39,"column":30}},"loc":{"start":{"line":39,"column":84},"end":{"line":43,"column":1}},"line":39},"1":{"name":"(anonymous_1)","decl":{"start":{"line":111,"column":9},"end":{"line":111,"column":10}},"loc":{"start":{"line":111,"column":22},"end":{"line":114,"column":3}},"line":111},"2":{"name":"(anonymous_2)","decl":{"start":{"line":126,"column":10},"end":{"line":126,"column":11}},"loc":{"start":{"line":126,"column":19},"end":{"line":126,"column":70}},"line":126}},"branchMap":{"0":{"loc":{"start":{"line":26,"column":17},"end":{"line":26,"column":54}},"type":"binary-expr","locations":[{"start":{"line":26,"column":17},"end":{"line":26,"column":37}},{"start":{"line":26,"column":41},"end":{"line":26,"column":54}}],"line":26},"1":{"loc":{"start":{"line":40,"column":18},"end":{"line":40,"column":76}},"type":"cond-expr","locations":[{"start":{"line":40,"column":45},"end":{"line":40,"column":71}},{"start":{"line":40,"column":74},"end":{"line":40,"column":76}}],"line":40},"2":{"loc":{"start":{"line":41,"column":15},"end":{"line":41,"column":31}},"type":"binary-expr","locations":[{"start":{"line":41,"column":15},"end":{"line":41,"column":20}},{"start":{"line":41,"column":24},"end":{"line":41,"column":31}}],"line":41},"3":{"loc":{"start":{"line":75,"column":0},"end":{"line":85,"column":1}},"type":"if","locations":[{"start":{"line":75,"column":0},"end":{"line":85,"column":1}},{"start":{},"end":{}}],"line":75},"4":{"loc":{"start":{"line":94,"column":9},"end":{"line":94,"column":40}},"type":"cond-expr","locations":[{"start":{"line":94,"column":24},"end":{"line":94,"column":30}},{"start":{"line":94,"column":33},"end":{"line":94,"column":40}}],"line":94},"5":{"loc":{"start":{"line":126,"column":19},"end":{"line":126,"column":70}},"type":"binary-expr","locations":[{"start":{"line":126,"column":19},"end":{"line":126,"column":40}},{"start":{"line":126,"column":44},"end":{"line":126,"column":70}}],"line":126}},"s":{"0":1,"1":1,"2":1,"3":1,"4":1,"5":1,"6":1,"7":1,"8":13,"9":13,"10":13,"11":1,"12":1,"13":1,"14":1,"15":1,"16":1,"17":12,"18":1,"19":13,"20":1,"21":1},"f":{"0":13,"1":12,"2":13},"b":{"0":[1,0],"1":[0,13],"2":[13,13],"3":[1,0],"4":[0,1],"5":[13,12]},"_coverageSchema":"1a1c01bbd47fc00a2c39e90264f33305004495a9","hash":"3fe323acbebbcc20165744d12187fbe8f1f8afcf"}
,"C:\\Users\\A S U S\\Documents\\GitHub\\Web-Individual\\Backend\\src\\utils\\paginate.util.js": {"path":"C:\\Users\\A S U S\\Documents\\GitHub\\Web-Individual\\Backend\\src\\utils\\paginate.util.js","statementMap":{"0":{"start":{"line":39,"column":17},"end":{"line":75,"column":1}},"1":{"start":{"line":41,"column":19},"end":{"line":41,"column":55}},"2":{"start":{"line":44,"column":20},"end":{"line":44,"column":73}},"3":{"start":{"line":46,"column":17},"end":{"line":46,"column":43}},"4":{"start":{"line":61,"column":20},"end":{"line":72,"column":3}},"5":{"start":{"line":62,"column":22},"end":{"line":62,"column":59}},"6":{"start":{"line":63,"column":23},"end":{"line":63,"column":77}},"7":{"start":{"line":64,"column":4},"end":{"line":71,"column":6}},"8":{"start":{"line":74,"column":2},"end":{"line":74,"column":49}},"9":{"start":{"line":77,"column":0},"end":{"line":77,"column":30}}},"fnMap":{"0":{"name":"(anonymous_0)","decl":{"start":{"line":39,"column":17},"end":{"line":39,"column":18}},"loc":{"start":{"line":39,"column":43},"end":{"line":75,"column":1}},"line":39},"1":{"name":"(anonymous_1)","decl":{"start":{"line":61,"column":20},"end":{"line":61,"column":21}},"loc":{"start":{"line":61,"column":31},"end":{"line":72,"column":3}},"line":61}},"branchMap":{"0":{"loc":{"start":{"line":39,"column":18},"end":{"line":39,"column":26}},"type":"default-arg","locations":[{"start":{"line":39,"column":25},"end":{"line":39,"column":26}}],"line":39},"1":{"loc":{"start":{"line":39,"column":28},"end":{"line":39,"column":38}},"type":"default-arg","locations":[{"start":{"line":39,"column":36},"end":{"line":39,"column":38}}],"line":39},"2":{"loc":{"start":{"line":41,"column":31},"end":{"line":41,"column":54}},"type":"binary-expr","locations":[{"start":{"line":41,"column":31},"end":{"line":41,"column":49}},{"start":{"line":41,"column":53},"end":{"line":41,"column":54}}],"line":41},"3":{"loc":{"start":{"line":44,"column":46},"end":{"line":44,"column":71}},"type":"binary-expr","locations":[{"start":{"line":44,"column":46},"end":{"line":44,"column":65}},{"start":{"line":44,"column":69},"end":{"line":44,"column":71}}],"line":44},"4":{"loc":{"start":{"line":62,"column":34},"end":{"line":62,"column":58}},"type":"binary-expr","locations":[{"start":{"line":62,"column":34},"end":{"line":62,"column":53}},{"start":{"line":62,"column":57},"end":{"line":62,"column":58}}],"line":62},"5":{"loc":{"start":{"line":63,"column":23},"end":{"line":63,"column":77}},"type":"cond-expr","locations":[{"start":{"line":63,"column":41},"end":{"line":63,"column":42}},{"start":{"line":63,"column":45},"end":{"line":63,"column":77}}],"line":63}},"s":{"0":1,"1":0,"2":0,"3":0,"4":0,"5":0,"6":0,"7":0,"8":0,"9":1},"f":{"0":0,"1":0},"b":{"0":[0],"1":[0],"2":[0,0],"3":[0,0],"4":[0,0],"5":[0,0]},"_coverageSchema":"1a1c01bbd47fc00a2c39e90264f33305004495a9","hash":"5acdfe72acaf1ebdd2c6eae5abcbb50d7dfefa47"}
,"C:\\Users\\A S U S\\Documents\\GitHub\\Web-Individual\\Backend\\src\\utils\\response.util.js": {"path":"C:\\Users\\A S U S\\Documents\\GitHub\\Web-Individual\\Backend\\src\\utils\\response.util.js","statementMap":{"0":{"start":{"line":22,"column":16},"end":{"line":26,"column":1}},"1":{"start":{"line":23,"column":18},"end":{"line":23,"column":50}},"2":{"start":{"line":24,"column":2},"end":{"line":24,"column":63}},"3":{"start":{"line":24,"column":43},"end":{"line":24,"column":63}},"4":{"start":{"line":25,"column":2},"end":{"line":25,"column":46}},"5":{"start":{"line":36,"column":16},"end":{"line":37,"column":34}},"6":{"start":{"line":37,"column":2},"end":{"line":37,"column":34}},"7":{"start":{"line":49,"column":14},"end":{"line":60,"column":1}},"8":{"start":{"line":56,"column":18},"end":{"line":56,"column":45}},"9":{"start":{"line":57,"column":2},"end":{"line":57,"column":32}},"10":{"start":{"line":57,"column":12},"end":{"line":57,"column":32}},"11":{"start":{"line":58,"column":2},"end":{"line":58,"column":38}},"12":{"start":{"line":58,"column":14},"end":{"line":58,"column":38}},"13":{"start":{"line":59,"column":2},"end":{"line":59,"column":46}},"14":{"start":{"line":72,"column":18},"end":{"line":73,"column":68}},"15":{"start":{"line":73,"column":2},"end":{"line":73,"column":68}},"16":{"start":{"line":81,"column":18},"end":{"line":81,"column":49}},"17":{"start":{"line":81,"column":27},"end":{"line":81,"column":49}},"18":{"start":{"line":83,"column":0},"end":{"line":83,"column":67}}},"fnMap":{"0":{"name":"(anonymous_0)","decl":{"start":{"line":22,"column":16},"end":{"line":22,"column":17}},"loc":{"start":{"line":22,"column":90},"end":{"line":26,"column":1}},"line":22},"1":{"name":"(anonymous_1)","decl":{"start":{"line":36,"column":16},"end":{"line":36,"column":17}},"loc":{"start":{"line":37,"column":2},"end":{"line":37,"column":34}},"line":37},"2":{"name":"(anonymous_2)","decl":{"start":{"line":49,"column":14},"end":{"line":49,"column":15}},"loc":{"start":{"line":55,"column":5},"end":{"line":60,"column":1}},"line":55},"3":{"name":"(anonymous_3)","decl":{"start":{"line":72,"column":18},"end":{"line":72,"column":19}},"loc":{"start":{"line":73,"column":2},"end":{"line":73,"column":68}},"line":73},"4":{"name":"(anonymous_4)","decl":{"start":{"line":81,"column":18},"end":{"line":81,"column":19}},"loc":{"start":{"line":81,"column":27},"end":{"line":81,"column":49}},"line":81}},"branchMap":{"0":{"loc":{"start":{"line":22,"column":22},"end":{"line":22,"column":33}},"type":"default-arg","locations":[{"start":{"line":22,"column":29},"end":{"line":22,"column":33}}],"line":22},"1":{"loc":{"start":{"line":22,"column":35},"end":{"line":22,"column":54}},"type":"default-arg","locations":[{"start":{"line":22,"column":45},"end":{"line":22,"column":54}}],"line":22},"2":{"loc":{"start":{"line":22,"column":56},"end":{"line":22,"column":72}},"type":"default-arg","locations":[{"start":{"line":22,"column":69},"end":{"line":22,"column":72}}],"line":22},"3":{"loc":{"start":{"line":22,"column":74},"end":{"line":22,"column":85}},"type":"default-arg","locations":[{"start":{"line":22,"column":81},"end":{"line":22,"column":85}}],"line":22},"4":{"loc":{"start":{"line":24,"column":2},"end":{"line":24,"column":63}},"type":"if","locations":[{"start":{"line":24,"column":2},"end":{"line":24,"column":63}},{"start":{},"end":{}}],"line":24},"5":{"loc":{"start":{"line":24,"column":6},"end":{"line":24,"column":41}},"type":"binary-expr","locations":[{"start":{"line":24,"column":6},"end":{"line":24,"column":19}},{"start":{"line":24,"column":23},"end":{"line":24,"column":41}}],"line":24},"6":{"loc":{"start":{"line":36,"column":28},"end":{"line":36,"column":60}},"type":"default-arg","locations":[{"start":{"line":36,"column":38},"end":{"line":36,"column":60}}],"line":36},"7":{"loc":{"start":{"line":51,"column":2},"end":{"line":51,"column":35}},"type":"default-arg","locations":[{"start":{"line":51,"column":12},"end":{"line":51,"column":35}}],"line":51},"8":{"loc":{"start":{"line":52,"column":2},"end":{"line":52,"column":18}},"type":"default-arg","locations":[{"start":{"line":52,"column":15},"end":{"line":52,"column":18}}],"line":52},"9":{"loc":{"start":{"line":53,"column":2},"end":{"line":53,"column":13}},"type":"default-arg","locations":[{"start":{"line":53,"column":9},"end":{"line":53,"column":13}}],"line":53},"10":{"loc":{"start":{"line":54,"column":2},"end":{"line":54,"column":15}},"type":"default-arg","locations":[{"start":{"line":54,"column":11},"end":{"line":54,"column":15}}],"line":54},"11":{"loc":{"start":{"line":57,"column":2},"end":{"line":57,"column":32}},"type":"if","locations":[{"start":{"line":57,"column":2},"end":{"line":57,"column":32}},{"start":{},"end":{}}],"line":57},"12":{"loc":{"start":{"line":58,"column":2},"end":{"line":58,"column":38}},"type":"if","locations":[{"start":{"line":58,"column":2},"end":{"line":58,"column":38}},{"start":{},"end":{}}],"line":58},"13":{"loc":{"start":{"line":72,"column":42},"end":{"line":72,"column":61}},"type":"default-arg","locations":[{"start":{"line":72,"column":52},"end":{"line":72,"column":61}}],"line":72}},"s":{"0":1,"1":3,"2":3,"3":0,"4":3,"5":1,"6":1,"7":1,"8":2,"9":2,"10":2,"11":2,"12":0,"13":2,"14":1,"15":0,"16":1,"17":0,"18":1},"f":{"0":3,"1":1,"2":2,"3":0,"4":0},"b":{"0":[0],"1":[1],"2":[2],"3":[3],"4":[0,3],"5":[3,0],"6":[0],"7":[0],"8":[0],"9":[0],"10":[2],"11":[2,0],"12":[0,2],"13":[0]},"_coverageSchema":"1a1c01bbd47fc00a2c39e90264f33305004495a9","hash":"f7f57098fb1c9936fdad8549efe12a9d09493240"}
,"C:\\Users\\A S U S\\Documents\\GitHub\\Web-Individual\\Backend\\src\\utils\\slug.util.js": {"path":"C:\\Users\\A S U S\\Documents\\GitHub\\Web-Individual\\Backend\\src\\utils\\slug.util.js","statementMap":{"0":{"start":{"line":3,"column":16},"end":{"line":8,"column":40}},"1":{"start":{"line":3,"column":32},"end":{"line":8,"column":40}},"2":{"start":{"line":10,"column":0},"end":{"line":10,"column":29}}},"fnMap":{"0":{"name":"(anonymous_0)","decl":{"start":{"line":3,"column":16},"end":{"line":3,"column":17}},"loc":{"start":{"line":3,"column":32},"end":{"line":8,"column":40}},"line":3}},"branchMap":{"0":{"loc":{"start":{"line":3,"column":17},"end":{"line":3,"column":27}},"type":"default-arg","locations":[{"start":{"line":3,"column":25},"end":{"line":3,"column":27}}],"line":3},"1":{"loc":{"start":{"line":3,"column":32},"end":{"line":8,"column":40}},"type":"binary-expr","locations":[{"start":{"line":3,"column":32},"end":{"line":8,"column":16}},{"start":{"line":8,"column":20},"end":{"line":8,"column":40}}],"line":3}},"s":{"0":1,"1":0,"2":1},"f":{"0":0},"b":{"0":[0],"1":[0,0]},"_coverageSchema":"1a1c01bbd47fc00a2c39e90264f33305004495a9","hash":"e643005dacd895c3dd8fb1adac20746b63a60aff"}
,"C:\\Users\\A S U S\\Documents\\GitHub\\Web-Individual\\Backend\\src\\validators\\auth.validator.js": {"path":"C:\\Users\\A S U S\\Documents\\GitHub\\Web-Individual\\Backend\\src\\validators\\auth.validator.js","statementMap":{"0":{"start":{"line":3,"column":14},"end":{"line":3,"column":28}},"1":{"start":{"line":5,"column":23},"end":{"line":22,"column":2}},"2":{"start":{"line":24,"column":20},"end":{"line":33,"column":2}},"3":{"start":{"line":35,"column":27},"end":{"line":39,"column":2}},"4":{"start":{"line":41,"column":29},"end":{"line":47,"column":2}},"5":{"start":{"line":49,"column":28},"end":{"line":56,"column":2}},"6":{"start":{"line":58,"column":0},"end":{"line":64,"column":2}}},"fnMap":{},"branchMap":{},"s":{"0":1,"1":1,"2":1,"3":1,"4":1,"5":1,"6":1},"f":{},"b":{},"_coverageSchema":"1a1c01bbd47fc00a2c39e90264f33305004495a9","hash":"122869e995ce1ce1a5373b1ab58fddd5055f0400"}
,"C:\\Users\\A S U S\\Documents\\GitHub\\Web-Individual\\Backend\\src\\validators\\event.validator.js": {"path":"C:\\Users\\A S U S\\Documents\\GitHub\\Web-Individual\\Backend\\src\\validators\\event.validator.js","statementMap":{"0":{"start":{"line":3,"column":14},"end":{"line":3,"column":28}},"1":{"start":{"line":5,"column":21},"end":{"line":35,"column":2}},"2":{"start":{"line":17,"column":23},"end":{"line":17,"column":46}},"3":{"start":{"line":22,"column":23},"end":{"line":22,"column":47}},"4":{"start":{"line":29,"column":23},"end":{"line":29,"column":52}},"5":{"start":{"line":34,"column":23},"end":{"line":34,"column":52}},"6":{"start":{"line":37,"column":26},"end":{"line":54,"column":2}},"7":{"start":{"line":56,"column":26},"end":{"line":56,"column":53}},"8":{"start":{"line":58,"column":0},"end":{"line":58,"column":72}}},"fnMap":{"0":{"name":"(anonymous_0)","decl":{"start":{"line":17,"column":15},"end":{"line":17,"column":16}},"loc":{"start":{"line":17,"column":23},"end":{"line":17,"column":46}},"line":17},"1":{"name":"(anonymous_1)","decl":{"start":{"line":22,"column":15},"end":{"line":22,"column":16}},"loc":{"start":{"line":22,"column":23},"end":{"line":22,"column":47}},"line":22},"2":{"name":"(anonymous_2)","decl":{"start":{"line":29,"column":15},"end":{"line":29,"column":16}},"loc":{"start":{"line":29,"column":23},"end":{"line":29,"column":52}},"line":29},"3":{"name":"(anonymous_3)","decl":{"start":{"line":34,"column":15},"end":{"line":34,"column":16}},"loc":{"start":{"line":34,"column":23},"end":{"line":34,"column":52}},"line":34}},"branchMap":{"0":{"loc":{"start":{"line":17,"column":23},"end":{"line":17,"column":46}},"type":"cond-expr","locations":[{"start":{"line":17,"column":27},"end":{"line":17,"column":42}},{"start":{"line":17,"column":45},"end":{"line":17,"column":46}}],"line":17},"1":{"loc":{"start":{"line":22,"column":23},"end":{"line":22,"column":47}},"type":"cond-expr","locations":[{"start":{"line":22,"column":27},"end":{"line":22,"column":42}},{"start":{"line":22,"column":45},"end":{"line":22,"column":47}}],"line":22},"2":{"loc":{"start":{"line":29,"column":23},"end":{"line":29,"column":52}},"type":"cond-expr","locations":[{"start":{"line":29,"column":27},"end":{"line":29,"column":40}},{"start":{"line":29,"column":43},"end":{"line":29,"column":52}}],"line":29},"3":{"loc":{"start":{"line":34,"column":23},"end":{"line":34,"column":52}},"type":"cond-expr","locations":[{"start":{"line":34,"column":27},"end":{"line":34,"column":40}},{"start":{"line":34,"column":43},"end":{"line":34,"column":52}}],"line":34}},"s":{"0":1,"1":1,"2":0,"3":0,"4":0,"5":0,"6":1,"7":1,"8":1},"f":{"0":0,"1":0,"2":0,"3":0},"b":{"0":[0,0],"1":[0,0],"2":[0,0],"3":[0,0]},"_coverageSchema":"1a1c01bbd47fc00a2c39e90264f33305004495a9","hash":"44ba284a56cf53732df1d08d63e3f09d1fabb89c"}
,"C:\\Users\\A S U S\\Documents\\GitHub\\Web-Individual\\Backend\\src\\validators\\order.validator.js": {"path":"C:\\Users\\A S U S\\Documents\\GitHub\\Web-Individual\\Backend\\src\\validators\\order.validator.js","statementMap":{"0":{"start":{"line":3,"column":14},"end":{"line":3,"column":28}},"1":{"start":{"line":5,"column":24},"end":{"line":9,"column":2}},"2":{"start":{"line":11,"column":26},"end":{"line":16,"column":2}},"3":{"start":{"line":18,"column":32},"end":{"line":20,"column":2}},"4":{"start":{"line":22,"column":0},"end":{"line":22,"column":64}}},"fnMap":{},"branchMap":{},"s":{"0":1,"1":1,"2":1,"3":1,"4":1},"f":{},"b":{},"_coverageSchema":"1a1c01bbd47fc00a2c39e90264f33305004495a9","hash":"df7233f6c3e4a610c61128b1e4f6aa61da752b6c"}
,"C:\\Users\\A S U S\\Documents\\GitHub\\Web-Individual\\Backend\\src\\validators\\payment.validator.js": {"path":"C:\\Users\\A S U S\\Documents\\GitHub\\Web-Individual\\Backend\\src\\validators\\payment.validator.js","statementMap":{"0":{"start":{"line":3,"column":14},"end":{"line":3,"column":28}},"1":{"start":{"line":5,"column":26},"end":{"line":10,"column":2}},"2":{"start":{"line":12,"column":34},"end":{"line":14,"column":2}},"3":{"start":{"line":16,"column":0},"end":{"line":16,"column":66}}},"fnMap":{},"branchMap":{},"s":{"0":1,"1":1,"2":1,"3":1},"f":{},"b":{},"_coverageSchema":"1a1c01bbd47fc00a2c39e90264f33305004495a9","hash":"56eb03c4a510bd070566a3fc49eb14ee44b9f835"}
,"C:\\Users\\A S U S\\Documents\\GitHub\\Web-Individual\\Backend\\src\\validators\\ticket-admin.validator.js": {"path":"C:\\Users\\A S U S\\Documents\\GitHub\\Web-Individual\\Backend\\src\\validators\\ticket-admin.validator.js","statementMap":{"0":{"start":{"line":3,"column":14},"end":{"line":3,"column":28}},"1":{"start":{"line":5,"column":22},"end":{"line":7,"column":2}},"2":{"start":{"line":9,"column":0},"end":{"line":9,"column":35}}},"fnMap":{},"branchMap":{},"s":{"0":1,"1":1,"2":1},"f":{},"b":{},"_coverageSchema":"1a1c01bbd47fc00a2c39e90264f33305004495a9","hash":"8334a99b2d82b06cba4f1b8dc36c72127ea1e369"}
,"C:\\Users\\A S U S\\Documents\\GitHub\\Web-Individual\\Backend\\src\\validators\\user.validator.js": {"path":"C:\\Users\\A S U S\\Documents\\GitHub\\Web-Individual\\Backend\\src\\validators\\user.validator.js","statementMap":{"0":{"start":{"line":3,"column":14},"end":{"line":3,"column":28}},"1":{"start":{"line":5,"column":23},"end":{"line":14,"column":44}},"2":{"start":{"line":14,"column":24},"end":{"line":14,"column":43}},"3":{"start":{"line":16,"column":20},"end":{"line":21,"column":20}},"4":{"start":{"line":23,"column":28},"end":{"line":38,"column":2}},"5":{"start":{"line":40,"column":23},"end":{"line":47,"column":2}},"6":{"start":{"line":49,"column":26},"end":{"line":58,"column":2}},"7":{"start":{"line":60,"column":23},"end":{"line":68,"column":2}},"8":{"start":{"line":70,"column":28},"end":{"line":85,"column":2}},"9":{"start":{"line":87,"column":24},"end":{"line":105,"column":2}},"10":{"start":{"line":107,"column":0},"end":{"line":114,"column":2}}},"fnMap":{"0":{"name":"(anonymous_0)","decl":{"start":{"line":14,"column":13},"end":{"line":14,"column":14}},"loc":{"start":{"line":14,"column":24},"end":{"line":14,"column":43}},"line":14}},"branchMap":{},"s":{"0":1,"1":1,"2":0,"3":1,"4":1,"5":1,"6":1,"7":1,"8":1,"9":1,"10":1},"f":{"0":0},"b":{},"_coverageSchema":"1a1c01bbd47fc00a2c39e90264f33305004495a9","hash":"bf8270e0828a86da17489d29174983a39dfd58c4"}
}
